{"C:\\React\\react-redux-application\\src\\App.js": {"path":"C:\\React\\react-redux-application\\src\\App.js","statementMap":{"0":{"start":{"line":8,"column":31},"end":{"line":10,"column":2}},"1":{"start":{"line":9,"column":2},"end":{"line":9,"column":70}},"2":{"start":{"line":12,"column":29},"end":{"line":14,"column":2}},"3":{"start":{"line":13,"column":2},"end":{"line":13,"column":66}},"4":{"start":{"line":17,"column":2},"end":{"line":31,"column":4}}},"fnMap":{"0":{"name":"(anonymous_0)","decl":{"start":{"line":8,"column":43},"end":{"line":8,"column":44}},"loc":{"start":{"line":8,"column":49},"end":{"line":10,"column":1}},"line":8},"1":{"name":"(anonymous_1)","decl":{"start":{"line":12,"column":41},"end":{"line":12,"column":42}},"loc":{"start":{"line":12,"column":47},"end":{"line":14,"column":1}},"line":12},"2":{"name":"App","decl":{"start":{"line":16,"column":9},"end":{"line":16,"column":12}},"loc":{"start":{"line":16,"column":15},"end":{"line":32,"column":1}},"line":16}},"branchMap":{},"s":{"0":2,"1":0,"2":2,"3":0,"4":10},"f":{"0":0,"1":0,"2":10},"b":{},"_coverageSchema":"332fd63041d2c1bcb487cc26dd0d5f7d97098a6c","hash":"7541d8d478e048166872c4aa7246976e3a2843f0"}
,"C:\\React\\react-redux-application\\src\\index.js": {"path":"C:\\React\\react-redux-application\\src\\index.js","statementMap":{"0":{"start":{"line":1,"column":32},"end":{"line":1,"column":83}},"1":{"start":{"line":1,"column":97},"end":{"line":1,"column":113}},"2":{"start":{"line":1,"column":128},"end":{"line":1,"column":158}},"3":{"start":{"line":2,"column":16},"end":{"line":2,"column":36}},"4":{"start":{"line":2,"column":54},"end":{"line":2,"column":87}},"5":{"start":{"line":3,"column":0},"end":{"line":3,"column":24}},"6":{"start":{"line":4,"column":11},"end":{"line":4,"column":27}},"7":{"start":{"line":4,"column":40},"end":{"line":4,"column":68}},"8":{"start":{"line":5,"column":22},"end":{"line":5,"column":49}},"9":{"start":{"line":6,"column":18},"end":{"line":6,"column":40}},"10":{"start":{"line":7,"column":13},"end":{"line":7,"column":29}},"11":{"start":{"line":8,"column":18},"end":{"line":8,"column":40}},"12":{"start":{"line":8,"column":60},"end":{"line":8,"column":95}},"13":{"start":{"line":9,"column":12},"end":{"line":9,"column":43}},"14":{"start":{"line":9,"column":57},"end":{"line":9,"column":86}},"15":{"start":{"line":10,"column":19},"end":{"line":10,"column":57}},"16":{"start":{"line":10,"column":78},"end":{"line":10,"column":114}},"17":{"start":{"line":11,"column":21},"end":{"line":11,"column":61}},"18":{"start":{"line":11,"column":84},"end":{"line":11,"column":122}},"19":{"start":{"line":12,"column":19},"end":{"line":12,"column":55}},"20":{"start":{"line":12,"column":94},"end":{"line":12,"column":148}},"21":{"start":{"line":14,"column":25},"end":{"line":14,"column":86}},"22":{"start":{"line":16,"column":20},"end":{"line":19,"column":43}},"23":{"start":{"line":21,"column":21},"end":{"line":21,"column":50}},"24":{"start":{"line":22,"column":14},"end":{"line":25,"column":68}},"25":{"start":{"line":27,"column":0},"end":{"line":27,"column":69}},"26":{"start":{"line":27,"column":22},"end":{"line":27,"column":67}},"27":{"start":{"line":28,"column":0},"end":{"line":36,"column":33}}},"fnMap":{"0":{"name":"_interopRequireDefault","decl":{"start":{"line":12,"column":65},"end":{"line":12,"column":87}},"loc":{"start":{"line":12,"column":93},"end":{"line":12,"column":149}},"line":12},"1":{"name":"(anonymous_1)","decl":{"start":{"line":27,"column":16},"end":{"line":27,"column":17}},"loc":{"start":{"line":27,"column":22},"end":{"line":27,"column":67}},"line":27}},"branchMap":{"0":{"loc":{"start":{"line":12,"column":101},"end":{"line":12,"column":147}},"type":"cond-expr","locations":[{"start":{"line":12,"column":125},"end":{"line":12,"column":128}},{"start":{"line":12,"column":131},"end":{"line":12,"column":147}}],"line":12},"1":{"loc":{"start":{"line":12,"column":101},"end":{"line":12,"column":122}},"type":"binary-expr","locations":[{"start":{"line":12,"column":101},"end":{"line":12,"column":104}},{"start":{"line":12,"column":108},"end":{"line":12,"column":122}}],"line":12},"2":{"loc":{"start":{"line":14,"column":25},"end":{"line":14,"column":86}},"type":"binary-expr","locations":[{"start":{"line":14,"column":25},"end":{"line":14,"column":68}},{"start":{"line":14,"column":72},"end":{"line":14,"column":86}}],"line":14}},"s":{"0":0,"1":0,"2":0,"3":0,"4":0,"5":0,"6":0,"7":0,"8":0,"9":0,"10":0,"11":0,"12":0,"13":0,"14":0,"15":0,"16":0,"17":0,"18":0,"19":0,"20":0,"21":0,"22":0,"23":0,"24":0,"25":0,"26":0,"27":0},"f":{"0":0,"1":0},"b":{"0":[0,0],"1":[0,0],"2":[0,0]}}
,"C:\\React\\react-redux-application\\src\\serviceWorker.js": {"path":"C:\\React\\react-redux-application\\src\\serviceWorker.js","statementMap":{"0":{"start":{"line":1,"column":13},"end":{"line":1,"column":75}},"1":{"start":{"line":1,"column":75},"end":{"line":23,"column":20}},"2":{"start":{"line":23,"column":20},"end":{"line":131,"column":24}},"3":{"start":{"line":140,"column":20},"end":{"line":142,"column":89}},"4":{"start":{"line":142,"column":117},"end":{"line":150,"column":44}},"5":{"start":{"line":143,"column":22},"end":{"line":143,"column":75}},"6":{"start":{"line":143,"column":76},"end":{"line":146,"column":14}},"7":{"start":{"line":146,"column":6},"end":{"line":146,"column":13}},"8":{"start":{"line":146,"column":14},"end":{"line":150,"column":43}},"9":{"start":{"line":146,"column":67},"end":{"line":146,"column":112}},"10":{"start":{"line":146,"column":113},"end":{"line":150,"column":40}},"11":{"start":{"line":147,"column":8},"end":{"line":147,"column":47}},"12":{"start":{"line":149,"column":8},"end":{"line":149,"column":179}},"13":{"start":{"line":149,"column":50},"end":{"line":149,"column":176}},"14":{"start":{"line":150,"column":8},"end":{"line":150,"column":39}},"15":{"start":{"line":150,"column":86},"end":{"line":158,"column":171}},"16":{"start":{"line":150,"column":148},"end":{"line":158,"column":83}},"17":{"start":{"line":150,"column":209},"end":{"line":150,"column":232}},"18":{"start":{"line":150,"column":233},"end":{"line":150,"column":272}},"19":{"start":{"line":150,"column":264},"end":{"line":150,"column":271}},"20":{"start":{"line":150,"column":272},"end":{"line":158,"column":81}},"21":{"start":{"line":150,"column":312},"end":{"line":158,"column":79}},"22":{"start":{"line":150,"column":357},"end":{"line":158,"column":78}},"23":{"start":{"line":153,"column":12},"end":{"line":153,"column":142}},"24":{"start":{"line":154,"column":12},"end":{"line":154,"column":75}},"25":{"start":{"line":154,"column":44},"end":{"line":154,"column":74}},"26":{"start":{"line":157,"column":12},"end":{"line":157,"column":62}},"27":{"start":{"line":158,"column":12},"end":{"line":158,"column":77}},"28":{"start":{"line":158,"column":45},"end":{"line":158,"column":76}},"29":{"start":{"line":158,"column":102},"end":{"line":158,"column":168}},"30":{"start":{"line":159,"column":2},"end":{"line":162,"column":134}},"31":{"start":{"line":160,"column":24},"end":{"line":160,"column":60}},"32":{"start":{"line":160,"column":61},"end":{"line":162,"column":38}},"33":{"start":{"line":161,"column":6},"end":{"line":161,"column":127}},"34":{"start":{"line":161,"column":58},"end":{"line":161,"column":124}},"35":{"start":{"line":161,"column":96},"end":{"line":161,"column":121}},"36":{"start":{"line":162,"column":6},"end":{"line":162,"column":37}},"37":{"start":{"line":162,"column":54},"end":{"line":162,"column":131}},"38":{"start":{"line":162,"column":158},"end":{"line":162,"column":323}},"39":{"start":{"line":162,"column":193},"end":{"line":162,"column":322}},"40":{"start":{"line":162,"column":245},"end":{"line":162,"column":271}},"41":{"start":{"line":162,"column":290},"end":{"line":162,"column":319}}},"fnMap":{"0":{"name":"register","decl":{"start":{"line":142,"column":99},"end":{"line":142,"column":107}},"loc":{"start":{"line":142,"column":116},"end":{"line":150,"column":45}},"line":142},"1":{"name":"(anonymous_1)","decl":{"start":{"line":146,"column":46},"end":{"line":146,"column":47}},"loc":{"start":{"line":146,"column":52},"end":{"line":150,"column":41}},"line":146},"2":{"name":"(anonymous_2)","decl":{"start":{"line":149,"column":43},"end":{"line":149,"column":44}},"loc":{"start":{"line":149,"column":49},"end":{"line":149,"column":177}},"line":149},"3":{"name":"registerValidSW","decl":{"start":{"line":150,"column":54},"end":{"line":150,"column":69}},"loc":{"start":{"line":150,"column":85},"end":{"line":158,"column":172}},"line":150},"4":{"name":"(anonymous_4)","decl":{"start":{"line":150,"column":131},"end":{"line":150,"column":132}},"loc":{"start":{"line":150,"column":147},"end":{"line":158,"column":84}},"line":150},"5":{"name":"(anonymous_5)","decl":{"start":{"line":150,"column":177},"end":{"line":150,"column":178}},"loc":{"start":{"line":150,"column":183},"end":{"line":158,"column":82}},"line":150},"6":{"name":"(anonymous_6)","decl":{"start":{"line":150,"column":305},"end":{"line":150,"column":306}},"loc":{"start":{"line":150,"column":311},"end":{"line":158,"column":80}},"line":150},"7":{"name":"(anonymous_7)","decl":{"start":{"line":158,"column":92},"end":{"line":158,"column":93}},"loc":{"start":{"line":158,"column":101},"end":{"line":158,"column":169}},"line":158},"8":{"name":"checkValidServiceWorker","decl":{"start":{"line":158,"column":181},"end":{"line":158,"column":204}},"loc":{"start":{"line":158,"column":220},"end":{"line":162,"column":135}},"line":158},"9":{"name":"(anonymous_9)","decl":{"start":{"line":159,"column":65},"end":{"line":159,"column":66}},"loc":{"start":{"line":159,"column":77},"end":{"line":162,"column":39}},"line":159},"10":{"name":"(anonymous_10)","decl":{"start":{"line":161,"column":41},"end":{"line":161,"column":42}},"loc":{"start":{"line":161,"column":57},"end":{"line":161,"column":125}},"line":161},"11":{"name":"(anonymous_11)","decl":{"start":{"line":161,"column":89},"end":{"line":161,"column":90}},"loc":{"start":{"line":161,"column":95},"end":{"line":161,"column":122}},"line":161},"12":{"name":"(anonymous_12)","decl":{"start":{"line":162,"column":47},"end":{"line":162,"column":48}},"loc":{"start":{"line":162,"column":53},"end":{"line":162,"column":132}},"line":162},"13":{"name":"unregister","decl":{"start":{"line":162,"column":144},"end":{"line":162,"column":154}},"loc":{"start":{"line":162,"column":157},"end":{"line":162,"column":324}},"line":162},"14":{"name":"(anonymous_14)","decl":{"start":{"line":162,"column":228},"end":{"line":162,"column":229}},"loc":{"start":{"line":162,"column":244},"end":{"line":162,"column":272}},"line":162},"15":{"name":"(anonymous_15)","decl":{"start":{"line":162,"column":280},"end":{"line":162,"column":281}},"loc":{"start":{"line":162,"column":289},"end":{"line":162,"column":320}},"line":162}},"branchMap":{"0":{"loc":{"start":{"line":140,"column":28},"end":{"line":142,"column":88}},"type":"binary-expr","locations":[{"start":{"line":140,"column":28},"end":{"line":140,"column":68}},{"start":{"line":141,"column":0},"end":{"line":141,"column":36}},{"start":{"line":142,"column":0},"end":{"line":142,"column":88}}],"line":140},"1":{"loc":{"start":{"line":142,"column":117},"end":{"line":150,"column":44}},"type":"if","locations":[{"start":{"line":142,"column":117},"end":{"line":150,"column":44}},{"start":{"line":142,"column":117},"end":{"line":150,"column":44}}],"line":142},"2":{"loc":{"start":{"line":142,"column":121},"end":{"line":142,"column":190}},"type":"binary-expr","locations":[{"start":{"line":142,"column":121},"end":{"line":142,"column":158}},{"start":{"line":142,"column":162},"end":{"line":142,"column":190}}],"line":142},"3":{"loc":{"start":{"line":143,"column":76},"end":{"line":146,"column":14}},"type":"if","locations":[{"start":{"line":143,"column":76},"end":{"line":146,"column":14}},{"start":{"line":143,"column":76},"end":{"line":146,"column":14}}],"line":143},"4":{"loc":{"start":{"line":146,"column":113},"end":{"line":150,"column":40}},"type":"if","locations":[{"start":{"line":146,"column":113},"end":{"line":150,"column":40}},{"start":{"line":146,"column":113},"end":{"line":150,"column":40}}],"line":146},"5":{"loc":{"start":{"line":150,"column":233},"end":{"line":150,"column":272}},"type":"if","locations":[{"start":{"line":150,"column":233},"end":{"line":150,"column":272}},{"start":{"line":150,"column":233},"end":{"line":150,"column":272}}],"line":150},"6":{"loc":{"start":{"line":150,"column":312},"end":{"line":158,"column":79}},"type":"if","locations":[{"start":{"line":150,"column":312},"end":{"line":158,"column":79}},{"start":{"line":150,"column":312},"end":{"line":158,"column":79}}],"line":150},"7":{"loc":{"start":{"line":150,"column":357},"end":{"line":158,"column":78}},"type":"if","locations":[{"start":{"line":150,"column":357},"end":{"line":158,"column":78}},{"start":{"line":150,"column":357},"end":{"line":158,"column":78}}],"line":150},"8":{"loc":{"start":{"line":154,"column":12},"end":{"line":154,"column":75}},"type":"if","locations":[{"start":{"line":154,"column":12},"end":{"line":154,"column":75}},{"start":{"line":154,"column":12},"end":{"line":154,"column":75}}],"line":154},"9":{"loc":{"start":{"line":154,"column":16},"end":{"line":154,"column":41}},"type":"binary-expr","locations":[{"start":{"line":154,"column":16},"end":{"line":154,"column":22}},{"start":{"line":154,"column":26},"end":{"line":154,"column":41}}],"line":154},"10":{"loc":{"start":{"line":158,"column":12},"end":{"line":158,"column":77}},"type":"if","locations":[{"start":{"line":158,"column":12},"end":{"line":158,"column":77}},{"start":{"line":158,"column":12},"end":{"line":158,"column":77}}],"line":158},"11":{"loc":{"start":{"line":158,"column":16},"end":{"line":158,"column":42}},"type":"binary-expr","locations":[{"start":{"line":158,"column":16},"end":{"line":158,"column":22}},{"start":{"line":158,"column":26},"end":{"line":158,"column":42}}],"line":158},"12":{"loc":{"start":{"line":160,"column":61},"end":{"line":162,"column":38}},"type":"if","locations":[{"start":{"line":160,"column":61},"end":{"line":162,"column":38}},{"start":{"line":160,"column":61},"end":{"line":162,"column":38}}],"line":160},"13":{"loc":{"start":{"line":160,"column":65},"end":{"line":160,"column":155}},"type":"binary-expr","locations":[{"start":{"line":160,"column":65},"end":{"line":160,"column":88}},{"start":{"line":160,"column":92},"end":{"line":160,"column":111}},{"start":{"line":160,"column":115},"end":{"line":160,"column":155}}],"line":160},"14":{"loc":{"start":{"line":162,"column":158},"end":{"line":162,"column":323}},"type":"if","locations":[{"start":{"line":162,"column":158},"end":{"line":162,"column":323}},{"start":{"line":162,"column":158},"end":{"line":162,"column":323}}],"line":162}},"s":{"0":0,"1":0,"2":0,"3":0,"4":0,"5":0,"6":0,"7":0,"8":0,"9":0,"10":0,"11":0,"12":0,"13":0,"14":0,"15":0,"16":0,"17":0,"18":0,"19":0,"20":0,"21":0,"22":0,"23":0,"24":0,"25":0,"26":0,"27":0,"28":0,"29":0,"30":0,"31":0,"32":0,"33":0,"34":0,"35":0,"36":0,"37":0,"38":0,"39":0,"40":0,"41":0},"f":{"0":0,"1":0,"2":0,"3":0,"4":0,"5":0,"6":0,"7":0,"8":0,"9":0,"10":0,"11":0,"12":0,"13":0,"14":0,"15":0},"b":{"0":[0,0,0],"1":[0,0],"2":[0,0],"3":[0,0],"4":[0,0],"5":[0,0],"6":[0,0],"7":[0,0],"8":[0,0],"9":[0,0],"10":[0,0],"11":[0,0],"12":[0,0],"13":[0,0,0],"14":[0,0]}}
,"C:\\React\\react-redux-application\\src\\setupTests.js": {"path":"C:\\React\\react-redux-application\\src\\setupTests.js","statementMap":{},"fnMap":{},"branchMap":{},"s":{},"f":{},"b":{},"_coverageSchema":"332fd63041d2c1bcb487cc26dd0d5f7d97098a6c","hash":"cc8e1dff283f0261df0e2513486fa38e55d37441"}
,"C:\\React\\react-redux-application\\src\\components\\Auth\\Login\\Login.js": {"path":"C:\\React\\react-redux-application\\src\\components\\Auth\\Login\\Login.js","statementMap":{"0":{"start":{"line":7,"column":14},"end":{"line":96,"column":1}},"1":{"start":{"line":16,"column":12},"end":{"line":16,"column":16}},"2":{"start":{"line":17,"column":2},"end":{"line":23,"column":3}},"3":{"start":{"line":18,"column":4},"end":{"line":22,"column":6}},"4":{"start":{"line":25,"column":2},"end":{"line":31,"column":3}},"5":{"start":{"line":26,"column":4},"end":{"line":30,"column":6}},"6":{"start":{"line":33,"column":2},"end":{"line":95,"column":4}}},"fnMap":{"0":{"name":"(anonymous_0)","decl":{"start":{"line":7,"column":14},"end":{"line":7,"column":15}},"loc":{"start":{"line":7,"column":25},"end":{"line":96,"column":1}},"line":7}},"branchMap":{"0":{"loc":{"start":{"line":17,"column":2},"end":{"line":23,"column":3}},"type":"if","locations":[{"start":{"line":17,"column":2},"end":{"line":23,"column":3}},{"start":{"line":17,"column":2},"end":{"line":23,"column":3}}],"line":17},"1":{"loc":{"start":{"line":25,"column":2},"end":{"line":31,"column":3}},"type":"if","locations":[{"start":{"line":25,"column":2},"end":{"line":31,"column":3}},{"start":{"line":25,"column":2},"end":{"line":31,"column":3}}],"line":25}},"s":{"0":4,"1":11,"2":11,"3":0,"4":11,"5":0,"6":11},"f":{"0":11},"b":{"0":[0,11],"1":[0,11]},"_coverageSchema":"332fd63041d2c1bcb487cc26dd0d5f7d97098a6c","hash":"a97624c7fdb13189f149b2e73806c70dba69caca"}
,"C:\\React\\react-redux-application\\src\\components\\Logo\\Logo.js": {"path":"C:\\React\\react-redux-application\\src\\components\\Logo\\Logo.js","statementMap":{"0":{"start":{"line":5,"column":13},"end":{"line":9,"column":1}},"1":{"start":{"line":6,"column":2},"end":{"line":8,"column":8}}},"fnMap":{"0":{"name":"(anonymous_0)","decl":{"start":{"line":5,"column":13},"end":{"line":5,"column":14}},"loc":{"start":{"line":6,"column":2},"end":{"line":8,"column":8}},"line":6}},"branchMap":{},"s":{"0":3,"1":0},"f":{"0":0},"b":{},"_coverageSchema":"332fd63041d2c1bcb487cc26dd0d5f7d97098a6c","hash":"cb5a9704ab407a98f1907714902e1623526150ba"}
,"C:\\React\\react-redux-application\\src\\components\\Navigation\\NavigationIteams\\NavigationIteams.js": {"path":"C:\\React\\react-redux-application\\src\\components\\Navigation\\NavigationIteams\\NavigationIteams.js","statementMap":{"0":{"start":{"line":5,"column":25},"end":{"line":13,"column":1}},"1":{"start":{"line":6,"column":2},"end":{"line":12,"column":7}}},"fnMap":{"0":{"name":"(anonymous_0)","decl":{"start":{"line":5,"column":25},"end":{"line":5,"column":26}},"loc":{"start":{"line":6,"column":2},"end":{"line":12,"column":7}},"line":6}},"branchMap":{"0":{"loc":{"start":{"line":7,"column":5},"end":{"line":11,"column":5}},"type":"cond-expr","locations":[{"start":{"line":8,"column":6},"end":{"line":8,"column":55}},{"start":{"line":10,"column":6},"end":{"line":10,"column":62}}],"line":7}},"s":{"0":4,"1":4},"f":{"0":4},"b":{"0":[2,2]},"_coverageSchema":"332fd63041d2c1bcb487cc26dd0d5f7d97098a6c","hash":"be7759c476467964b3ccbc16052fdd270eaf7cf8"}
,"C:\\React\\react-redux-application\\src\\components\\Navigation\\NavigationIteams\\NavigationIteam\\NavigationIteam.js": {"path":"C:\\React\\react-redux-application\\src\\components\\Navigation\\NavigationIteams\\NavigationIteam\\NavigationIteam.js","statementMap":{"0":{"start":{"line":5,"column":24},"end":{"line":11,"column":1}},"1":{"start":{"line":6,"column":2},"end":{"line":10,"column":7}}},"fnMap":{"0":{"name":"(anonymous_0)","decl":{"start":{"line":5,"column":24},"end":{"line":5,"column":25}},"loc":{"start":{"line":6,"column":2},"end":{"line":10,"column":7}},"line":6}},"branchMap":{},"s":{"0":4,"1":0},"f":{"0":0},"b":{},"_coverageSchema":"332fd63041d2c1bcb487cc26dd0d5f7d97098a6c","hash":"3ff41523dc7bb87f38b719d7fce98771fb671c49"}
,"C:\\React\\react-redux-application\\src\\components\\Navigation\\Toolbar\\Toolbar.js": {"path":"C:\\React\\react-redux-application\\src\\components\\Navigation\\Toolbar\\Toolbar.js","statementMap":{"0":{"start":{"line":7,"column":16},"end":{"line":32,"column":1}},"1":{"start":{"line":8,"column":2},"end":{"line":31,"column":8}}},"fnMap":{"0":{"name":"(anonymous_0)","decl":{"start":{"line":7,"column":16},"end":{"line":7,"column":17}},"loc":{"start":{"line":8,"column":2},"end":{"line":31,"column":8}},"line":8}},"branchMap":{"0":{"loc":{"start":{"line":17,"column":5},"end":{"line":30,"column":12}},"type":"cond-expr","locations":[{"start":{"line":18,"column":6},"end":{"line":29,"column":15}},{"start":{"line":30,"column":8},"end":{"line":30,"column":12}}],"line":17}},"s":{"0":3,"1":1},"f":{"0":1},"b":{"0":[0,1]},"_coverageSchema":"332fd63041d2c1bcb487cc26dd0d5f7d97098a6c","hash":"02130ae290318f195138fbf3948e798748ed5300"}
,"C:\\React\\react-redux-application\\src\\components\\flightList\\FlightList.js": {"path":"C:\\React\\react-redux-application\\src\\components\\flightList\\FlightList.js","statementMap":{"0":{"start":{"line":6,"column":19},"end":{"line":172,"column":1}},"1":{"start":{"line":7,"column":2},"end":{"line":171,"column":4}},"2":{"start":{"line":71,"column":12},"end":{"line":166,"column":17}},"3":{"start":{"line":105,"column":20},"end":{"line":105,"column":70}},"4":{"start":{"line":130,"column":20},"end":{"line":130,"column":75}},"5":{"start":{"line":155,"column":20},"end":{"line":155,"column":70}},"6":{"start":{"line":173,"column":24},"end":{"line":181,"column":1}},"7":{"start":{"line":174,"column":2},"end":{"line":180,"column":4}}},"fnMap":{"0":{"name":"(anonymous_0)","decl":{"start":{"line":6,"column":19},"end":{"line":6,"column":20}},"loc":{"start":{"line":6,"column":30},"end":{"line":172,"column":1}},"line":6},"1":{"name":"(anonymous_1)","decl":{"start":{"line":70,"column":33},"end":{"line":70,"column":34}},"loc":{"start":{"line":71,"column":12},"end":{"line":166,"column":17}},"line":71},"2":{"name":"(anonymous_2)","decl":{"start":{"line":104,"column":45},"end":{"line":104,"column":46}},"loc":{"start":{"line":105,"column":20},"end":{"line":105,"column":70}},"line":105},"3":{"name":"(anonymous_3)","decl":{"start":{"line":129,"column":45},"end":{"line":129,"column":46}},"loc":{"start":{"line":130,"column":20},"end":{"line":130,"column":75}},"line":130},"4":{"name":"(anonymous_4)","decl":{"start":{"line":154,"column":45},"end":{"line":154,"column":46}},"loc":{"start":{"line":155,"column":20},"end":{"line":155,"column":70}},"line":155},"5":{"name":"(anonymous_5)","decl":{"start":{"line":173,"column":24},"end":{"line":173,"column":25}},"loc":{"start":{"line":173,"column":35},"end":{"line":181,"column":1}},"line":173}},"branchMap":{"0":{"loc":{"start":{"line":39,"column":16},"end":{"line":41,"column":39}},"type":"cond-expr","locations":[{"start":{"line":40,"column":20},"end":{"line":40,"column":35}},{"start":{"line":41,"column":20},"end":{"line":41,"column":39}}],"line":39},"1":{"loc":{"start":{"line":48,"column":16},"end":{"line":50,"column":39}},"type":"cond-expr","locations":[{"start":{"line":49,"column":20},"end":{"line":49,"column":35}},{"start":{"line":50,"column":20},"end":{"line":50,"column":39}}],"line":48},"2":{"loc":{"start":{"line":57,"column":16},"end":{"line":59,"column":39}},"type":"cond-expr","locations":[{"start":{"line":58,"column":20},"end":{"line":58,"column":35}},{"start":{"line":59,"column":20},"end":{"line":59,"column":39}}],"line":57},"3":{"loc":{"start":{"line":87,"column":18},"end":{"line":89,"column":41}},"type":"cond-expr","locations":[{"start":{"line":88,"column":22},"end":{"line":88,"column":37}},{"start":{"line":89,"column":22},"end":{"line":89,"column":41}}],"line":87},"4":{"loc":{"start":{"line":111,"column":18},"end":{"line":113,"column":41}},"type":"cond-expr","locations":[{"start":{"line":112,"column":22},"end":{"line":112,"column":37}},{"start":{"line":113,"column":22},"end":{"line":113,"column":41}}],"line":111},"5":{"loc":{"start":{"line":136,"column":18},"end":{"line":138,"column":41}},"type":"cond-expr","locations":[{"start":{"line":137,"column":22},"end":{"line":137,"column":37}},{"start":{"line":138,"column":22},"end":{"line":138,"column":41}}],"line":136}},"s":{"0":3,"1":0,"2":0,"3":0,"4":0,"5":0,"6":3,"7":0},"f":{"0":0,"1":0,"2":0,"3":0,"4":0,"5":0},"b":{"0":[0,0],"1":[0,0],"2":[0,0],"3":[0,0],"4":[0,0],"5":[0,0]},"_coverageSchema":"332fd63041d2c1bcb487cc26dd0d5f7d97098a6c","hash":"7749e61d614e7df7d874aff206b51f891ef4e1e4"}
,"C:\\React\\react-redux-application\\src\\components\\flightList\\AdditionalServices\\AdditionalServices.js": {"path":"C:\\React\\react-redux-application\\src\\components\\flightList\\AdditionalServices\\AdditionalServices.js","statementMap":{"0":{"start":{"line":7,"column":27},"end":{"line":144,"column":1}},"1":{"start":{"line":8,"column":34},"end":{"line":8,"column":76}},"2":{"start":{"line":9,"column":2},"end":{"line":11,"column":39}},"3":{"start":{"line":10,"column":4},"end":{"line":10,"column":48}},"4":{"start":{"line":13,"column":26},"end":{"line":13,"column":41}},"5":{"start":{"line":15,"column":26},"end":{"line":17,"column":3}},"6":{"start":{"line":16,"column":4},"end":{"line":16,"column":18}},"7":{"start":{"line":18,"column":30},"end":{"line":25,"column":3}},"8":{"start":{"line":19,"column":4},"end":{"line":19,"column":19}},"9":{"start":{"line":20,"column":4},"end":{"line":24,"column":5}},"10":{"start":{"line":21,"column":31},"end":{"line":21,"column":47}},"11":{"start":{"line":22,"column":18},"end":{"line":22,"column":73}},"12":{"start":{"line":22,"column":54},"end":{"line":22,"column":72}},"13":{"start":{"line":23,"column":6},"end":{"line":23,"column":25}},"14":{"start":{"line":27,"column":23},"end":{"line":31,"column":3}},"15":{"start":{"line":28,"column":29},"end":{"line":28,"column":45}},"16":{"start":{"line":29,"column":4},"end":{"line":29,"column":61}},"17":{"start":{"line":30,"column":4},"end":{"line":30,"column":36}},"18":{"start":{"line":32,"column":21},"end":{"line":36,"column":3}},"19":{"start":{"line":33,"column":29},"end":{"line":33,"column":45}},"20":{"start":{"line":34,"column":4},"end":{"line":34,"column":32}},"21":{"start":{"line":35,"column":4},"end":{"line":35,"column":36}},"22":{"start":{"line":37,"column":23},"end":{"line":43,"column":3}},"23":{"start":{"line":38,"column":29},"end":{"line":38,"column":45}},"24":{"start":{"line":39,"column":22},"end":{"line":39,"column":57}},"25":{"start":{"line":40,"column":16},"end":{"line":40,"column":73}},"26":{"start":{"line":40,"column":52},"end":{"line":40,"column":72}},"27":{"start":{"line":42,"column":4},"end":{"line":42,"column":23}},"28":{"start":{"line":44,"column":14},"end":{"line":44,"column":16}},"29":{"start":{"line":45,"column":2},"end":{"line":74,"column":6}},"30":{"start":{"line":47,"column":6},"end":{"line":73,"column":7}},"31":{"start":{"line":75,"column":2},"end":{"line":143,"column":4}},"32":{"start":{"line":109,"column":12},"end":{"line":109,"column":35}},"33":{"start":{"line":110,"column":12},"end":{"line":110,"column":70}}},"fnMap":{"0":{"name":"(anonymous_0)","decl":{"start":{"line":7,"column":27},"end":{"line":7,"column":28}},"loc":{"start":{"line":7,"column":38},"end":{"line":144,"column":1}},"line":7},"1":{"name":"(anonymous_1)","decl":{"start":{"line":9,"column":18},"end":{"line":9,"column":19}},"loc":{"start":{"line":9,"column":24},"end":{"line":11,"column":3}},"line":9},"2":{"name":"(anonymous_2)","decl":{"start":{"line":15,"column":26},"end":{"line":15,"column":27}},"loc":{"start":{"line":15,"column":32},"end":{"line":17,"column":3}},"line":15},"3":{"name":"(anonymous_3)","decl":{"start":{"line":18,"column":30},"end":{"line":18,"column":31}},"loc":{"start":{"line":18,"column":36},"end":{"line":25,"column":3}},"line":18},"4":{"name":"(anonymous_4)","decl":{"start":{"line":22,"column":44},"end":{"line":22,"column":45}},"loc":{"start":{"line":22,"column":54},"end":{"line":22,"column":72}},"line":22},"5":{"name":"(anonymous_5)","decl":{"start":{"line":27,"column":23},"end":{"line":27,"column":24}},"loc":{"start":{"line":27,"column":34},"end":{"line":31,"column":3}},"line":27},"6":{"name":"(anonymous_6)","decl":{"start":{"line":32,"column":21},"end":{"line":32,"column":22}},"loc":{"start":{"line":32,"column":27},"end":{"line":36,"column":3}},"line":32},"7":{"name":"(anonymous_7)","decl":{"start":{"line":37,"column":23},"end":{"line":37,"column":24}},"loc":{"start":{"line":37,"column":34},"end":{"line":43,"column":3}},"line":37},"8":{"name":"(anonymous_8)","decl":{"start":{"line":40,"column":42},"end":{"line":40,"column":43}},"loc":{"start":{"line":40,"column":52},"end":{"line":40,"column":72}},"line":40},"9":{"name":"(anonymous_9)","decl":{"start":{"line":46,"column":17},"end":{"line":46,"column":18}},"loc":{"start":{"line":47,"column":6},"end":{"line":73,"column":7}},"line":47},"10":{"name":"(anonymous_10)","decl":{"start":{"line":108,"column":20},"end":{"line":108,"column":21}},"loc":{"start":{"line":108,"column":31},"end":{"line":111,"column":11}},"line":108}},"branchMap":{"0":{"loc":{"start":{"line":20,"column":4},"end":{"line":24,"column":5}},"type":"if","locations":[{"start":{"line":20,"column":4},"end":{"line":24,"column":5}},{"start":{"line":20,"column":4},"end":{"line":24,"column":5}}],"line":20},"1":{"loc":{"start":{"line":45,"column":2},"end":{"line":74,"column":5}},"type":"binary-expr","locations":[{"start":{"line":45,"column":2},"end":{"line":45,"column":10}},{"start":{"line":46,"column":4},"end":{"line":74,"column":5}}],"line":45}},"s":{"0":4,"1":4,"2":4,"3":0,"4":4,"5":4,"6":0,"7":4,"8":0,"9":0,"10":0,"11":0,"12":0,"13":0,"14":4,"15":0,"16":0,"17":0,"18":4,"19":0,"20":0,"21":0,"22":4,"23":0,"24":0,"25":0,"26":0,"27":0,"28":4,"29":4,"30":4,"31":4,"32":0,"33":0},"f":{"0":4,"1":0,"2":0,"3":0,"4":0,"5":0,"6":0,"7":0,"8":0,"9":4,"10":0},"b":{"0":[0,0],"1":[4,4]},"_coverageSchema":"332fd63041d2c1bcb487cc26dd0d5f7d97098a6c","hash":"bec3c5cada8792aae23166bb1a85b96288af90fb"}
,"C:\\React\\react-redux-application\\src\\components\\flightdetails\\FlightDetails.js": {"path":"C:\\React\\react-redux-application\\src\\components\\flightdetails\\FlightDetails.js","statementMap":{"0":{"start":{"line":14,"column":27},"end":{"line":16,"column":1}},"1":{"start":{"line":15,"column":2},"end":{"line":15,"column":51}},"2":{"start":{"line":17,"column":16},"end":{"line":17,"column":70}},"3":{"start":{"line":17,"column":33},"end":{"line":17,"column":69}},"4":{"start":{"line":18,"column":20},"end":{"line":18,"column":23}},"5":{"start":{"line":20,"column":18},"end":{"line":55,"column":3}},"6":{"start":{"line":20,"column":41},"end":{"line":55,"column":1}},"7":{"start":{"line":57,"column":22},"end":{"line":694,"column":1}},"8":{"start":{"line":58,"column":18},"end":{"line":58,"column":29}},"9":{"start":{"line":59,"column":2},"end":{"line":693,"column":4}},"10":{"start":{"line":434,"column":18},"end":{"line":622,"column":23}},"11":{"start":{"line":496,"column":26},"end":{"line":496,"column":67}},"12":{"start":{"line":531,"column":39},"end":{"line":531,"column":79}},"13":{"start":{"line":559,"column":28},"end":{"line":559,"column":79}},"14":{"start":{"line":586,"column":28},"end":{"line":589,"column":29}},"15":{"start":{"line":617,"column":28},"end":{"line":617,"column":75}},"16":{"start":{"line":695,"column":24},"end":{"line":702,"column":1}},"17":{"start":{"line":696,"column":2},"end":{"line":701,"column":4}}},"fnMap":{"0":{"name":"(anonymous_0)","decl":{"start":{"line":14,"column":38},"end":{"line":14,"column":39}},"loc":{"start":{"line":15,"column":2},"end":{"line":15,"column":51}},"line":15},"1":{"name":"(anonymous_1)","decl":{"start":{"line":17,"column":27},"end":{"line":17,"column":28}},"loc":{"start":{"line":17,"column":33},"end":{"line":17,"column":69}},"line":17},"2":{"name":"(anonymous_2)","decl":{"start":{"line":20,"column":29},"end":{"line":20,"column":30}},"loc":{"start":{"line":20,"column":41},"end":{"line":55,"column":1}},"line":20},"3":{"name":"(anonymous_3)","decl":{"start":{"line":57,"column":22},"end":{"line":57,"column":23}},"loc":{"start":{"line":57,"column":33},"end":{"line":694,"column":1}},"line":57},"4":{"name":"(anonymous_4)","decl":{"start":{"line":433,"column":44},"end":{"line":433,"column":45}},"loc":{"start":{"line":434,"column":18},"end":{"line":622,"column":23}},"line":434},"5":{"name":"(anonymous_5)","decl":{"start":{"line":495,"column":33},"end":{"line":495,"column":34}},"loc":{"start":{"line":495,"column":39},"end":{"line":497,"column":25}},"line":495},"6":{"name":"(anonymous_6)","decl":{"start":{"line":531,"column":33},"end":{"line":531,"column":34}},"loc":{"start":{"line":531,"column":39},"end":{"line":531,"column":79}},"line":531},"7":{"name":"(anonymous_7)","decl":{"start":{"line":558,"column":53},"end":{"line":558,"column":54}},"loc":{"start":{"line":559,"column":28},"end":{"line":559,"column":79}},"line":559},"8":{"name":"(anonymous_8)","decl":{"start":{"line":585,"column":53},"end":{"line":585,"column":54}},"loc":{"start":{"line":586,"column":28},"end":{"line":589,"column":29}},"line":586},"9":{"name":"(anonymous_9)","decl":{"start":{"line":616,"column":53},"end":{"line":616,"column":54}},"loc":{"start":{"line":617,"column":28},"end":{"line":617,"column":75}},"line":617},"10":{"name":"(anonymous_10)","decl":{"start":{"line":695,"column":24},"end":{"line":695,"column":25}},"loc":{"start":{"line":695,"column":35},"end":{"line":702,"column":1}},"line":695}},"branchMap":{"0":{"loc":{"start":{"line":76,"column":16},"end":{"line":78,"column":39}},"type":"cond-expr","locations":[{"start":{"line":77,"column":20},"end":{"line":77,"column":35}},{"start":{"line":78,"column":20},"end":{"line":78,"column":39}}],"line":76},"1":{"loc":{"start":{"line":115,"column":18},"end":{"line":117,"column":41}},"type":"cond-expr","locations":[{"start":{"line":116,"column":22},"end":{"line":116,"column":37}},{"start":{"line":117,"column":22},"end":{"line":117,"column":41}}],"line":115},"2":{"loc":{"start":{"line":133,"column":18},"end":{"line":135,"column":41}},"type":"cond-expr","locations":[{"start":{"line":134,"column":22},"end":{"line":134,"column":37}},{"start":{"line":135,"column":22},"end":{"line":135,"column":41}}],"line":133},"3":{"loc":{"start":{"line":141,"column":18},"end":{"line":143,"column":41}},"type":"cond-expr","locations":[{"start":{"line":142,"column":22},"end":{"line":142,"column":37}},{"start":{"line":143,"column":22},"end":{"line":143,"column":41}}],"line":141},"4":{"loc":{"start":{"line":159,"column":18},"end":{"line":161,"column":41}},"type":"cond-expr","locations":[{"start":{"line":160,"column":22},"end":{"line":160,"column":37}},{"start":{"line":161,"column":22},"end":{"line":161,"column":41}}],"line":159},"5":{"loc":{"start":{"line":167,"column":18},"end":{"line":169,"column":41}},"type":"cond-expr","locations":[{"start":{"line":168,"column":22},"end":{"line":168,"column":37}},{"start":{"line":169,"column":22},"end":{"line":169,"column":41}}],"line":167},"6":{"loc":{"start":{"line":186,"column":18},"end":{"line":188,"column":41}},"type":"cond-expr","locations":[{"start":{"line":187,"column":22},"end":{"line":187,"column":37}},{"start":{"line":188,"column":22},"end":{"line":188,"column":41}}],"line":186},"7":{"loc":{"start":{"line":194,"column":18},"end":{"line":196,"column":41}},"type":"cond-expr","locations":[{"start":{"line":195,"column":22},"end":{"line":195,"column":37}},{"start":{"line":196,"column":22},"end":{"line":196,"column":41}}],"line":194},"8":{"loc":{"start":{"line":213,"column":18},"end":{"line":215,"column":41}},"type":"cond-expr","locations":[{"start":{"line":214,"column":22},"end":{"line":214,"column":37}},{"start":{"line":215,"column":22},"end":{"line":215,"column":41}}],"line":213},"9":{"loc":{"start":{"line":221,"column":18},"end":{"line":223,"column":41}},"type":"cond-expr","locations":[{"start":{"line":222,"column":22},"end":{"line":222,"column":37}},{"start":{"line":223,"column":22},"end":{"line":223,"column":41}}],"line":221},"10":{"loc":{"start":{"line":240,"column":18},"end":{"line":242,"column":41}},"type":"cond-expr","locations":[{"start":{"line":241,"column":22},"end":{"line":241,"column":37}},{"start":{"line":242,"column":22},"end":{"line":242,"column":41}}],"line":240},"11":{"loc":{"start":{"line":248,"column":18},"end":{"line":250,"column":41}},"type":"cond-expr","locations":[{"start":{"line":249,"column":22},"end":{"line":249,"column":37}},{"start":{"line":250,"column":22},"end":{"line":250,"column":41}}],"line":248},"12":{"loc":{"start":{"line":267,"column":18},"end":{"line":269,"column":41}},"type":"cond-expr","locations":[{"start":{"line":268,"column":22},"end":{"line":268,"column":37}},{"start":{"line":269,"column":22},"end":{"line":269,"column":41}}],"line":267},"13":{"loc":{"start":{"line":275,"column":18},"end":{"line":277,"column":41}},"type":"cond-expr","locations":[{"start":{"line":276,"column":22},"end":{"line":276,"column":37}},{"start":{"line":277,"column":22},"end":{"line":277,"column":41}}],"line":275},"14":{"loc":{"start":{"line":324,"column":22},"end":{"line":326,"column":45}},"type":"cond-expr","locations":[{"start":{"line":325,"column":26},"end":{"line":325,"column":41}},{"start":{"line":326,"column":26},"end":{"line":326,"column":45}}],"line":324},"15":{"loc":{"start":{"line":333,"column":22},"end":{"line":335,"column":45}},"type":"cond-expr","locations":[{"start":{"line":334,"column":26},"end":{"line":334,"column":41}},{"start":{"line":335,"column":26},"end":{"line":335,"column":45}}],"line":333},"16":{"loc":{"start":{"line":342,"column":22},"end":{"line":344,"column":45}},"type":"cond-expr","locations":[{"start":{"line":343,"column":26},"end":{"line":343,"column":41}},{"start":{"line":344,"column":26},"end":{"line":344,"column":45}}],"line":342},"17":{"loc":{"start":{"line":351,"column":22},"end":{"line":353,"column":45}},"type":"cond-expr","locations":[{"start":{"line":352,"column":26},"end":{"line":352,"column":41}},{"start":{"line":353,"column":26},"end":{"line":353,"column":45}}],"line":351},"18":{"loc":{"start":{"line":360,"column":22},"end":{"line":362,"column":45}},"type":"cond-expr","locations":[{"start":{"line":361,"column":26},"end":{"line":361,"column":41}},{"start":{"line":362,"column":26},"end":{"line":362,"column":45}}],"line":360},"19":{"loc":{"start":{"line":369,"column":22},"end":{"line":371,"column":45}},"type":"cond-expr","locations":[{"start":{"line":370,"column":26},"end":{"line":370,"column":41}},{"start":{"line":371,"column":26},"end":{"line":371,"column":45}}],"line":369},"20":{"loc":{"start":{"line":378,"column":22},"end":{"line":381,"column":45}},"type":"cond-expr","locations":[{"start":{"line":380,"column":26},"end":{"line":380,"column":41}},{"start":{"line":381,"column":26},"end":{"line":381,"column":45}}],"line":378},"21":{"loc":{"start":{"line":378,"column":22},"end":{"line":379,"column":53}},"type":"binary-expr","locations":[{"start":{"line":378,"column":22},"end":{"line":378,"column":48}},{"start":{"line":379,"column":22},"end":{"line":379,"column":53}}],"line":378},"22":{"loc":{"start":{"line":390,"column":22},"end":{"line":393,"column":45}},"type":"cond-expr","locations":[{"start":{"line":392,"column":26},"end":{"line":392,"column":41}},{"start":{"line":393,"column":26},"end":{"line":393,"column":45}}],"line":390},"23":{"loc":{"start":{"line":390,"column":22},"end":{"line":391,"column":53}},"type":"binary-expr","locations":[{"start":{"line":390,"column":22},"end":{"line":390,"column":48}},{"start":{"line":391,"column":22},"end":{"line":391,"column":53}}],"line":390},"24":{"loc":{"start":{"line":402,"column":22},"end":{"line":405,"column":45}},"type":"cond-expr","locations":[{"start":{"line":404,"column":26},"end":{"line":404,"column":41}},{"start":{"line":405,"column":26},"end":{"line":405,"column":45}}],"line":402},"25":{"loc":{"start":{"line":402,"column":22},"end":{"line":403,"column":54}},"type":"binary-expr","locations":[{"start":{"line":402,"column":22},"end":{"line":402,"column":48}},{"start":{"line":403,"column":22},"end":{"line":403,"column":54}}],"line":402},"26":{"loc":{"start":{"line":412,"column":22},"end":{"line":415,"column":45}},"type":"cond-expr","locations":[{"start":{"line":414,"column":26},"end":{"line":414,"column":41}},{"start":{"line":415,"column":26},"end":{"line":415,"column":45}}],"line":412},"27":{"loc":{"start":{"line":412,"column":22},"end":{"line":413,"column":54}},"type":"binary-expr","locations":[{"start":{"line":412,"column":22},"end":{"line":412,"column":48}},{"start":{"line":413,"column":22},"end":{"line":413,"column":54}}],"line":412},"28":{"loc":{"start":{"line":422,"column":22},"end":{"line":425,"column":45}},"type":"cond-expr","locations":[{"start":{"line":424,"column":26},"end":{"line":424,"column":41}},{"start":{"line":425,"column":26},"end":{"line":425,"column":45}}],"line":422},"29":{"loc":{"start":{"line":422,"column":22},"end":{"line":423,"column":54}},"type":"binary-expr","locations":[{"start":{"line":422,"column":22},"end":{"line":422,"column":48}},{"start":{"line":423,"column":22},"end":{"line":423,"column":54}}],"line":422},"30":{"loc":{"start":{"line":440,"column":24},"end":{"line":442,"column":47}},"type":"cond-expr","locations":[{"start":{"line":441,"column":28},"end":{"line":441,"column":43}},{"start":{"line":442,"column":28},"end":{"line":442,"column":47}}],"line":440},"31":{"loc":{"start":{"line":449,"column":24},"end":{"line":451,"column":47}},"type":"cond-expr","locations":[{"start":{"line":450,"column":28},"end":{"line":450,"column":43}},{"start":{"line":451,"column":28},"end":{"line":451,"column":47}}],"line":449},"32":{"loc":{"start":{"line":458,"column":24},"end":{"line":460,"column":47}},"type":"cond-expr","locations":[{"start":{"line":459,"column":28},"end":{"line":459,"column":43}},{"start":{"line":460,"column":28},"end":{"line":460,"column":47}}],"line":458},"33":{"loc":{"start":{"line":467,"column":24},"end":{"line":469,"column":47}},"type":"cond-expr","locations":[{"start":{"line":468,"column":28},"end":{"line":468,"column":43}},{"start":{"line":469,"column":28},"end":{"line":469,"column":47}}],"line":467},"34":{"loc":{"start":{"line":476,"column":24},"end":{"line":478,"column":47}},"type":"cond-expr","locations":[{"start":{"line":477,"column":28},"end":{"line":477,"column":43}},{"start":{"line":478,"column":28},"end":{"line":478,"column":47}}],"line":476},"35":{"loc":{"start":{"line":485,"column":24},"end":{"line":488,"column":47}},"type":"cond-expr","locations":[{"start":{"line":487,"column":28},"end":{"line":487,"column":43}},{"start":{"line":488,"column":28},"end":{"line":488,"column":47}}],"line":485},"36":{"loc":{"start":{"line":485,"column":24},"end":{"line":486,"column":55}},"type":"binary-expr","locations":[{"start":{"line":485,"column":24},"end":{"line":485,"column":50}},{"start":{"line":486,"column":24},"end":{"line":486,"column":55}}],"line":485},"37":{"loc":{"start":{"line":504,"column":24},"end":{"line":506,"column":47}},"type":"cond-expr","locations":[{"start":{"line":505,"column":28},"end":{"line":505,"column":43}},{"start":{"line":506,"column":28},"end":{"line":506,"column":47}}],"line":504},"38":{"loc":{"start":{"line":522,"column":24},"end":{"line":525,"column":47}},"type":"cond-expr","locations":[{"start":{"line":524,"column":28},"end":{"line":524,"column":43}},{"start":{"line":525,"column":28},"end":{"line":525,"column":47}}],"line":522},"39":{"loc":{"start":{"line":522,"column":24},"end":{"line":523,"column":55}},"type":"binary-expr","locations":[{"start":{"line":522,"column":24},"end":{"line":522,"column":50}},{"start":{"line":523,"column":24},"end":{"line":523,"column":55}}],"line":522},"40":{"loc":{"start":{"line":539,"column":24},"end":{"line":542,"column":47}},"type":"cond-expr","locations":[{"start":{"line":541,"column":28},"end":{"line":541,"column":43}},{"start":{"line":542,"column":28},"end":{"line":542,"column":47}}],"line":539},"41":{"loc":{"start":{"line":539,"column":24},"end":{"line":540,"column":56}},"type":"binary-expr","locations":[{"start":{"line":539,"column":24},"end":{"line":539,"column":50}},{"start":{"line":540,"column":24},"end":{"line":540,"column":56}}],"line":539},"42":{"loc":{"start":{"line":566,"column":24},"end":{"line":569,"column":47}},"type":"cond-expr","locations":[{"start":{"line":568,"column":28},"end":{"line":568,"column":43}},{"start":{"line":569,"column":28},"end":{"line":569,"column":47}}],"line":566},"43":{"loc":{"start":{"line":566,"column":24},"end":{"line":567,"column":56}},"type":"binary-expr","locations":[{"start":{"line":566,"column":24},"end":{"line":566,"column":50}},{"start":{"line":567,"column":24},"end":{"line":567,"column":56}}],"line":566},"44":{"loc":{"start":{"line":596,"column":24},"end":{"line":599,"column":47}},"type":"cond-expr","locations":[{"start":{"line":598,"column":28},"end":{"line":598,"column":43}},{"start":{"line":599,"column":28},"end":{"line":599,"column":47}}],"line":596},"45":{"loc":{"start":{"line":596,"column":24},"end":{"line":597,"column":56}},"type":"binary-expr","locations":[{"start":{"line":596,"column":24},"end":{"line":596,"column":50}},{"start":{"line":597,"column":24},"end":{"line":597,"column":56}}],"line":596},"46":{"loc":{"start":{"line":636,"column":12},"end":{"line":636,"column":78}},"type":"cond-expr","locations":[{"start":{"line":636,"column":41},"end":{"line":636,"column":56}},{"start":{"line":636,"column":59},"end":{"line":636,"column":78}}],"line":636},"47":{"loc":{"start":{"line":676,"column":10},"end":{"line":676,"column":76}},"type":"cond-expr","locations":[{"start":{"line":676,"column":39},"end":{"line":676,"column":54}},{"start":{"line":676,"column":57},"end":{"line":676,"column":76}}],"line":676}},"s":{"0":2,"1":0,"2":2,"3":0,"4":2,"5":2,"6":0,"7":2,"8":0,"9":0,"10":0,"11":0,"12":0,"13":0,"14":0,"15":0,"16":2,"17":0},"f":{"0":0,"1":0,"2":0,"3":0,"4":0,"5":0,"6":0,"7":0,"8":0,"9":0,"10":0},"b":{"0":[0,0],"1":[0,0],"2":[0,0],"3":[0,0],"4":[0,0],"5":[0,0],"6":[0,0],"7":[0,0],"8":[0,0],"9":[0,0],"10":[0,0],"11":[0,0],"12":[0,0],"13":[0,0],"14":[0,0],"15":[0,0],"16":[0,0],"17":[0,0],"18":[0,0],"19":[0,0],"20":[0,0],"21":[0,0],"22":[0,0],"23":[0,0],"24":[0,0],"25":[0,0],"26":[0,0],"27":[0,0],"28":[0,0],"29":[0,0],"30":[0,0],"31":[0,0],"32":[0,0],"33":[0,0],"34":[0,0],"35":[0,0],"36":[0,0],"37":[0,0],"38":[0,0],"39":[0,0],"40":[0,0],"41":[0,0],"42":[0,0],"43":[0,0],"44":[0,0],"45":[0,0],"46":[0,0],"47":[0,0]},"_coverageSchema":"332fd63041d2c1bcb487cc26dd0d5f7d97098a6c","hash":"c0312e65f9d46058d590f09dc1a9d95c2710c995"}
,"C:\\React\\react-redux-application\\src\\components\\flightdetails\\AddPassenger\\AddPassenger.js": {"path":"C:\\React\\react-redux-application\\src\\components\\flightdetails\\AddPassenger\\AddPassenger.js","statementMap":{"0":{"start":{"line":10,"column":21},"end":{"line":300,"column":1}},"1":{"start":{"line":12,"column":16},"end":{"line":12,"column":48}},"2":{"start":{"line":13,"column":4},"end":{"line":13,"column":51}},"3":{"start":{"line":14,"column":14},"end":{"line":14,"column":39}},"4":{"start":{"line":15,"column":4},"end":{"line":15,"column":43}},"5":{"start":{"line":16,"column":4},"end":{"line":16,"column":56}},"6":{"start":{"line":19,"column":42},"end":{"line":19,"column":62}},"7":{"start":{"line":20,"column":30},"end":{"line":20,"column":46}},"8":{"start":{"line":21,"column":38},"end":{"line":21,"column":52}},"9":{"start":{"line":22,"column":32},"end":{"line":22,"column":46}},"10":{"start":{"line":23,"column":26},"end":{"line":23,"column":41}},"11":{"start":{"line":24,"column":40},"end":{"line":31,"column":4}},"12":{"start":{"line":33,"column":25},"end":{"line":36,"column":4}},"13":{"start":{"line":34,"column":28},"end":{"line":34,"column":40}},"14":{"start":{"line":35,"column":4},"end":{"line":35,"column":54}},"15":{"start":{"line":37,"column":26},"end":{"line":39,"column":3}},"16":{"start":{"line":38,"column":4},"end":{"line":38,"column":18}},"17":{"start":{"line":40,"column":30},"end":{"line":42,"column":3}},"18":{"start":{"line":41,"column":4},"end":{"line":41,"column":19}},"19":{"start":{"line":44,"column":2},"end":{"line":299,"column":4}},"20":{"start":{"line":77,"column":12},"end":{"line":77,"column":35}},"21":{"start":{"line":78,"column":29},"end":{"line":78,"column":56}},"22":{"start":{"line":79,"column":12},"end":{"line":91,"column":14}},"23":{"start":{"line":132,"column":36},"end":{"line":132,"column":57}},"24":{"start":{"line":151,"column":33},"end":{"line":151,"column":50}},"25":{"start":{"line":164,"column":33},"end":{"line":164,"column":52}},"26":{"start":{"line":182,"column":33},"end":{"line":182,"column":53}},"27":{"start":{"line":194,"column":33},"end":{"line":194,"column":52}},"28":{"start":{"line":212,"column":33},"end":{"line":212,"column":50}},"29":{"start":{"line":224,"column":33},"end":{"line":224,"column":49}}},"fnMap":{"0":{"name":"(anonymous_0)","decl":{"start":{"line":10,"column":21},"end":{"line":10,"column":22}},"loc":{"start":{"line":10,"column":32},"end":{"line":300,"column":1}},"line":10},"1":{"name":"GetDateFormat","decl":{"start":{"line":11,"column":11},"end":{"line":11,"column":24}},"loc":{"start":{"line":11,"column":31},"end":{"line":17,"column":3}},"line":11},"2":{"name":"(anonymous_2)","decl":{"start":{"line":33,"column":37},"end":{"line":33,"column":38}},"loc":{"start":{"line":33,"column":48},"end":{"line":36,"column":3}},"line":33},"3":{"name":"(anonymous_3)","decl":{"start":{"line":37,"column":26},"end":{"line":37,"column":27}},"loc":{"start":{"line":37,"column":32},"end":{"line":39,"column":3}},"line":37},"4":{"name":"(anonymous_4)","decl":{"start":{"line":40,"column":30},"end":{"line":40,"column":31}},"loc":{"start":{"line":40,"column":36},"end":{"line":42,"column":3}},"line":40},"5":{"name":"(anonymous_5)","decl":{"start":{"line":76,"column":20},"end":{"line":76,"column":21}},"loc":{"start":{"line":76,"column":31},"end":{"line":92,"column":11}},"line":76},"6":{"name":"(anonymous_6)","decl":{"start":{"line":132,"column":26},"end":{"line":132,"column":27}},"loc":{"start":{"line":132,"column":36},"end":{"line":132,"column":57}},"line":132},"7":{"name":"(anonymous_7)","decl":{"start":{"line":151,"column":27},"end":{"line":151,"column":28}},"loc":{"start":{"line":151,"column":33},"end":{"line":151,"column":50}},"line":151},"8":{"name":"(anonymous_8)","decl":{"start":{"line":164,"column":27},"end":{"line":164,"column":28}},"loc":{"start":{"line":164,"column":33},"end":{"line":164,"column":52}},"line":164},"9":{"name":"(anonymous_9)","decl":{"start":{"line":182,"column":27},"end":{"line":182,"column":28}},"loc":{"start":{"line":182,"column":33},"end":{"line":182,"column":53}},"line":182},"10":{"name":"(anonymous_10)","decl":{"start":{"line":194,"column":27},"end":{"line":194,"column":28}},"loc":{"start":{"line":194,"column":33},"end":{"line":194,"column":52}},"line":194},"11":{"name":"(anonymous_11)","decl":{"start":{"line":212,"column":27},"end":{"line":212,"column":28}},"loc":{"start":{"line":212,"column":33},"end":{"line":212,"column":50}},"line":212},"12":{"name":"(anonymous_12)","decl":{"start":{"line":224,"column":27},"end":{"line":224,"column":28}},"loc":{"start":{"line":224,"column":33},"end":{"line":224,"column":49}},"line":224}},"branchMap":{"0":{"loc":{"start":{"line":13,"column":12},"end":{"line":13,"column":50}},"type":"cond-expr","locations":[{"start":{"line":13,"column":31},"end":{"line":13,"column":36}},{"start":{"line":13,"column":39},"end":{"line":13,"column":50}}],"line":13},"1":{"loc":{"start":{"line":15,"column":10},"end":{"line":15,"column":42}},"type":"cond-expr","locations":[{"start":{"line":15,"column":27},"end":{"line":15,"column":30}},{"start":{"line":15,"column":33},"end":{"line":15,"column":42}}],"line":15}},"s":{"0":2,"1":0,"2":0,"3":0,"4":0,"5":0,"6":0,"7":0,"8":0,"9":0,"10":0,"11":0,"12":0,"13":0,"14":0,"15":0,"16":0,"17":0,"18":0,"19":0,"20":0,"21":0,"22":0,"23":0,"24":0,"25":0,"26":0,"27":0,"28":0,"29":0},"f":{"0":0,"1":0,"2":0,"3":0,"4":0,"5":0,"6":0,"7":0,"8":0,"9":0,"10":0,"11":0,"12":0},"b":{"0":[0,0],"1":[0,0]},"_coverageSchema":"332fd63041d2c1bcb487cc26dd0d5f7d97098a6c","hash":"4d3dac3dd86a7210fb0c7c819c056cb663a1164a"}
,"C:\\React\\react-redux-application\\src\\components\\flightdetails\\AdditionalServices\\AdditionalServices.js": {"path":"C:\\React\\react-redux-application\\src\\components\\flightdetails\\AdditionalServices\\AdditionalServices.js","statementMap":{"0":{"start":{"line":18,"column":4},"end":{"line":29,"column":5}},"1":{"start":{"line":19,"column":30},"end":{"line":21,"column":7}},"2":{"start":{"line":22,"column":6},"end":{"line":27,"column":7}},"3":{"start":{"line":23,"column":20},"end":{"line":25,"column":9}},"4":{"start":{"line":24,"column":20},"end":{"line":24,"column":60}},"5":{"start":{"line":26,"column":8},"end":{"line":26,"column":40}},"6":{"start":{"line":28,"column":6},"end":{"line":28,"column":59}},"7":{"start":{"line":32,"column":4},"end":{"line":36,"column":5}},"8":{"start":{"line":33,"column":6},"end":{"line":35,"column":9}},"9":{"start":{"line":40,"column":4},"end":{"line":42,"column":7}},"10":{"start":{"line":45,"column":4},"end":{"line":47,"column":7}},"11":{"start":{"line":51,"column":4},"end":{"line":53,"column":7}},"12":{"start":{"line":55,"column":37},"end":{"line":66,"column":3}},"13":{"start":{"line":56,"column":31},"end":{"line":56,"column":64}},"14":{"start":{"line":57,"column":22},"end":{"line":57,"column":58}},"15":{"start":{"line":58,"column":4},"end":{"line":58,"column":63}},"16":{"start":{"line":59,"column":4},"end":{"line":59,"column":60}},"17":{"start":{"line":60,"column":4},"end":{"line":64,"column":5}},"18":{"start":{"line":61,"column":6},"end":{"line":61,"column":29}},"19":{"start":{"line":63,"column":6},"end":{"line":63,"column":76}},"20":{"start":{"line":63,"column":55},"end":{"line":63,"column":74}},"21":{"start":{"line":65,"column":4},"end":{"line":65,"column":54}},"22":{"start":{"line":69,"column":16},"end":{"line":69,"column":18}},"23":{"start":{"line":70,"column":4},"end":{"line":91,"column":5}},"24":{"start":{"line":71,"column":6},"end":{"line":90,"column":8}},"25":{"start":{"line":72,"column":8},"end":{"line":89,"column":9}},"26":{"start":{"line":92,"column":4},"end":{"line":158,"column":6}},"27":{"start":{"line":127,"column":14},"end":{"line":127,"column":37}},"28":{"start":{"line":128,"column":14},"end":{"line":131,"column":16}},"29":{"start":{"line":138,"column":18},"end":{"line":138,"column":42}}},"fnMap":{"0":{"name":"(anonymous_0)","decl":{"start":{"line":17,"column":2},"end":{"line":17,"column":3}},"loc":{"start":{"line":17,"column":42},"end":{"line":30,"column":3}},"line":17},"1":{"name":"(anonymous_1)","decl":{"start":{"line":24,"column":10},"end":{"line":24,"column":11}},"loc":{"start":{"line":24,"column":20},"end":{"line":24,"column":60}},"line":24},"2":{"name":"(anonymous_2)","decl":{"start":{"line":31,"column":2},"end":{"line":31,"column":3}},"loc":{"start":{"line":31,"column":43},"end":{"line":37,"column":3}},"line":31},"3":{"name":"(anonymous_3)","decl":{"start":{"line":39,"column":22},"end":{"line":39,"column":23}},"loc":{"start":{"line":39,"column":28},"end":{"line":43,"column":3}},"line":39},"4":{"name":"(anonymous_4)","decl":{"start":{"line":44,"column":21},"end":{"line":44,"column":22}},"loc":{"start":{"line":44,"column":27},"end":{"line":48,"column":3}},"line":44},"5":{"name":"(anonymous_5)","decl":{"start":{"line":50,"column":24},"end":{"line":50,"column":25}},"loc":{"start":{"line":50,"column":30},"end":{"line":54,"column":3}},"line":50},"6":{"name":"(anonymous_6)","decl":{"start":{"line":55,"column":20},"end":{"line":55,"column":21}},"loc":{"start":{"line":55,"column":37},"end":{"line":66,"column":3}},"line":55},"7":{"name":"(anonymous_7)","decl":{"start":{"line":55,"column":37},"end":{"line":55,"column":38}},"loc":{"start":{"line":55,"column":48},"end":{"line":66,"column":3}},"line":55},"8":{"name":"(anonymous_8)","decl":{"start":{"line":63,"column":39},"end":{"line":63,"column":40}},"loc":{"start":{"line":63,"column":55},"end":{"line":63,"column":74}},"line":63},"9":{"name":"(anonymous_9)","decl":{"start":{"line":68,"column":2},"end":{"line":68,"column":3}},"loc":{"start":{"line":68,"column":11},"end":{"line":159,"column":3}},"line":68},"10":{"name":"(anonymous_10)","decl":{"start":{"line":71,"column":36},"end":{"line":71,"column":37}},"loc":{"start":{"line":72,"column":8},"end":{"line":89,"column":9}},"line":72},"11":{"name":"(anonymous_11)","decl":{"start":{"line":126,"column":22},"end":{"line":126,"column":23}},"loc":{"start":{"line":126,"column":33},"end":{"line":132,"column":13}},"line":126},"12":{"name":"(anonymous_12)","decl":{"start":{"line":137,"column":25},"end":{"line":137,"column":26}},"loc":{"start":{"line":137,"column":31},"end":{"line":139,"column":17}},"line":137}},"branchMap":{"0":{"loc":{"start":{"line":18,"column":4},"end":{"line":29,"column":5}},"type":"if","locations":[{"start":{"line":18,"column":4},"end":{"line":29,"column":5}},{"start":{"line":18,"column":4},"end":{"line":29,"column":5}}],"line":18},"1":{"loc":{"start":{"line":18,"column":8},"end":{"line":18,"column":65}},"type":"binary-expr","locations":[{"start":{"line":18,"column":8},"end":{"line":18,"column":33}},{"start":{"line":18,"column":37},"end":{"line":18,"column":65}}],"line":18},"2":{"loc":{"start":{"line":32,"column":4},"end":{"line":36,"column":5}},"type":"if","locations":[{"start":{"line":32,"column":4},"end":{"line":36,"column":5}},{"start":{"line":32,"column":4},"end":{"line":36,"column":5}}],"line":32},"3":{"loc":{"start":{"line":60,"column":4},"end":{"line":64,"column":5}},"type":"if","locations":[{"start":{"line":60,"column":4},"end":{"line":64,"column":5}},{"start":{"line":60,"column":4},"end":{"line":64,"column":5}}],"line":60},"4":{"loc":{"start":{"line":70,"column":4},"end":{"line":91,"column":5}},"type":"if","locations":[{"start":{"line":70,"column":4},"end":{"line":91,"column":5}},{"start":{"line":70,"column":4},"end":{"line":91,"column":5}}],"line":70}},"s":{"0":4,"1":0,"2":0,"3":0,"4":0,"5":0,"6":0,"7":0,"8":0,"9":0,"10":0,"11":0,"12":0,"13":0,"14":0,"15":0,"16":0,"17":0,"18":0,"19":0,"20":0,"21":0,"22":4,"23":4,"24":0,"25":0,"26":4,"27":0,"28":0,"29":0},"f":{"0":4,"1":0,"2":0,"3":0,"4":0,"5":0,"6":0,"7":0,"8":0,"9":4,"10":0,"11":0,"12":0},"b":{"0":[0,4],"1":[4,0],"2":[0,0],"3":[0,0],"4":[0,4]},"_coverageSchema":"332fd63041d2c1bcb487cc26dd0d5f7d97098a6c","hash":"604169d3eca913c231b0af01d621968647a55714"}
,"C:\\React\\react-redux-application\\src\\components\\flightdetails\\SeatType\\SeatType.js": {"path":"C:\\React\\react-redux-application\\src\\components\\flightdetails\\SeatType\\SeatType.js","statementMap":{"0":{"start":{"line":3,"column":17},"end":{"line":73,"column":1}},"1":{"start":{"line":4,"column":27},"end":{"line":4,"column":58}},"2":{"start":{"line":5,"column":2},"end":{"line":72,"column":4}}},"fnMap":{"0":{"name":"(anonymous_0)","decl":{"start":{"line":3,"column":17},"end":{"line":3,"column":18}},"loc":{"start":{"line":3,"column":28},"end":{"line":73,"column":1}},"line":3}},"branchMap":{"0":{"loc":{"start":{"line":12,"column":15},"end":{"line":12,"column":71}},"type":"cond-expr","locations":[{"start":{"line":12,"column":34},"end":{"line":12,"column":49}},{"start":{"line":12,"column":52},"end":{"line":12,"column":71}}],"line":12},"1":{"loc":{"start":{"line":24,"column":15},"end":{"line":24,"column":71}},"type":"cond-expr","locations":[{"start":{"line":24,"column":34},"end":{"line":24,"column":49}},{"start":{"line":24,"column":52},"end":{"line":24,"column":71}}],"line":24},"2":{"loc":{"start":{"line":37,"column":15},"end":{"line":37,"column":71}},"type":"cond-expr","locations":[{"start":{"line":37,"column":34},"end":{"line":37,"column":49}},{"start":{"line":37,"column":52},"end":{"line":37,"column":71}}],"line":37},"3":{"loc":{"start":{"line":49,"column":15},"end":{"line":49,"column":71}},"type":"cond-expr","locations":[{"start":{"line":49,"column":34},"end":{"line":49,"column":49}},{"start":{"line":49,"column":52},"end":{"line":49,"column":71}}],"line":49},"4":{"loc":{"start":{"line":61,"column":15},"end":{"line":61,"column":72}},"type":"cond-expr","locations":[{"start":{"line":61,"column":35},"end":{"line":61,"column":50}},{"start":{"line":61,"column":53},"end":{"line":61,"column":72}}],"line":61}},"s":{"0":3,"1":3,"2":3},"f":{"0":3},"b":{"0":[0,3],"1":[0,3],"2":[0,3],"3":[0,3],"4":[3,0]},"_coverageSchema":"332fd63041d2c1bcb487cc26dd0d5f7d97098a6c","hash":"2cd105ce438b70c32a95ef98e57ee1298f04031f"}
,"C:\\React\\react-redux-application\\src\\components\\flightdetails\\SeatType\\SeatMap\\SeatMap.js": {"path":"C:\\React\\react-redux-application\\src\\components\\flightdetails\\SeatType\\SeatMap\\SeatMap.js","statementMap":{"0":{"start":{"line":1,"column":13},"end":{"line":1,"column":75}},"1":{"start":{"line":1,"column":94},"end":{"line":1,"column":193}},"2":{"start":{"line":1,"column":207},"end":{"line":1,"column":223}},"3":{"start":{"line":1,"column":238},"end":{"line":1,"column":268}},"4":{"start":{"line":2,"column":14},"end":{"line":2,"column":49}},"5":{"start":{"line":3,"column":16},"end":{"line":3,"column":53}},"6":{"start":{"line":3,"column":71},"end":{"line":3,"column":104}},"7":{"start":{"line":4,"column":20},"end":{"line":4,"column":61}},"8":{"start":{"line":4,"column":83},"end":{"line":4,"column":120}},"9":{"start":{"line":5,"column":14},"end":{"line":5,"column":49}},"10":{"start":{"line":5,"column":65},"end":{"line":5,"column":96}},"11":{"start":{"line":5,"column":135},"end":{"line":5,"column":189}},"12":{"start":{"line":6,"column":18},"end":{"line":18,"column":21}},"13":{"start":{"line":6,"column":52},"end":{"line":18,"column":19}},"14":{"start":{"line":22,"column":16},"end":{"line":66,"column":1}},"15":{"start":{"line":23,"column":18},"end":{"line":23,"column":29}},"16":{"start":{"line":24,"column":22},"end":{"line":24,"column":42}},"17":{"start":{"line":25,"column":2},"end":{"line":56,"column":39}},"18":{"start":{"line":31,"column":12},"end":{"line":56,"column":32}},"19":{"start":{"line":40,"column":20},"end":{"line":40,"column":44}},"20":{"start":{"line":66,"column":2},"end":{"line":67,"column":8}}},"fnMap":{"0":{"name":"_interopRequireDefault","decl":{"start":{"line":5,"column":106},"end":{"line":5,"column":128}},"loc":{"start":{"line":5,"column":134},"end":{"line":5,"column":190}},"line":5},"1":{"name":"(anonymous_1)","decl":{"start":{"line":6,"column":42},"end":{"line":6,"column":43}},"loc":{"start":{"line":6,"column":52},"end":{"line":18,"column":19}},"line":6},"2":{"name":"(anonymous_2)","decl":{"start":{"line":22,"column":16},"end":{"line":22,"column":17}},"loc":{"start":{"line":22,"column":25},"end":{"line":66,"column":1}},"line":22},"3":{"name":"(anonymous_3)","decl":{"start":{"line":30,"column":31},"end":{"line":30,"column":32}},"loc":{"start":{"line":31,"column":12},"end":{"line":56,"column":32}},"line":31},"4":{"name":"(anonymous_4)","decl":{"start":{"line":39,"column":27},"end":{"line":39,"column":28}},"loc":{"start":{"line":39,"column":33},"end":{"line":41,"column":19}},"line":39}},"branchMap":{"0":{"loc":{"start":{"line":5,"column":142},"end":{"line":5,"column":188}},"type":"cond-expr","locations":[{"start":{"line":5,"column":166},"end":{"line":5,"column":169}},{"start":{"line":5,"column":172},"end":{"line":5,"column":188}}],"line":5},"1":{"loc":{"start":{"line":5,"column":142},"end":{"line":5,"column":163}},"type":"binary-expr","locations":[{"start":{"line":5,"column":142},"end":{"line":5,"column":145}},{"start":{"line":5,"column":149},"end":{"line":5,"column":163}}],"line":5},"2":{"loc":{"start":{"line":31,"column":88},"end":{"line":31,"column":102}},"type":"binary-expr","locations":[{"start":{"line":31,"column":88},"end":{"line":31,"column":97}},{"start":{"line":31,"column":101},"end":{"line":31,"column":102}}],"line":31},"3":{"loc":{"start":{"line":35,"column":18},"end":{"line":35,"column":74}},"type":"cond-expr","locations":[{"start":{"line":35,"column":35},"end":{"line":35,"column":39}},{"start":{"line":35,"column":42},"end":{"line":35,"column":74}}],"line":35},"4":{"loc":{"start":{"line":35,"column":42},"end":{"line":35,"column":74}},"type":"binary-expr","locations":[{"start":{"line":35,"column":42},"end":{"line":35,"column":47}},{"start":{"line":35,"column":51},"end":{"line":35,"column":74}}],"line":35},"5":{"loc":{"start":{"line":44,"column":18},"end":{"line":52,"column":56}},"type":"cond-expr","locations":[{"start":{"line":45,"column":18},"end":{"line":45,"column":54}},{"start":{"line":46,"column":18},"end":{"line":52,"column":56}}],"line":44},"6":{"loc":{"start":{"line":44,"column":18},"end":{"line":44,"column":49}},"type":"binary-expr","locations":[{"start":{"line":44,"column":18},"end":{"line":44,"column":33}},{"start":{"line":44,"column":37},"end":{"line":44,"column":49}}],"line":44},"7":{"loc":{"start":{"line":46,"column":18},"end":{"line":52,"column":56}},"type":"cond-expr","locations":[{"start":{"line":47,"column":18},"end":{"line":47,"column":53}},{"start":{"line":48,"column":18},"end":{"line":52,"column":56}}],"line":46},"8":{"loc":{"start":{"line":46,"column":18},"end":{"line":46,"column":54}},"type":"binary-expr","locations":[{"start":{"line":46,"column":18},"end":{"line":46,"column":39}},{"start":{"line":46,"column":43},"end":{"line":46,"column":54}}],"line":46},"9":{"loc":{"start":{"line":48,"column":18},"end":{"line":52,"column":56}},"type":"cond-expr","locations":[{"start":{"line":49,"column":18},"end":{"line":49,"column":55}},{"start":{"line":50,"column":18},"end":{"line":52,"column":56}}],"line":48},"10":{"loc":{"start":{"line":48,"column":18},"end":{"line":48,"column":50}},"type":"binary-expr","locations":[{"start":{"line":48,"column":18},"end":{"line":48,"column":35}},{"start":{"line":48,"column":39},"end":{"line":48,"column":50}}],"line":48},"11":{"loc":{"start":{"line":50,"column":18},"end":{"line":52,"column":56}},"type":"cond-expr","locations":[{"start":{"line":51,"column":18},"end":{"line":51,"column":52}},{"start":{"line":52,"column":18},"end":{"line":52,"column":56}}],"line":50},"12":{"loc":{"start":{"line":50,"column":18},"end":{"line":50,"column":53}},"type":"binary-expr","locations":[{"start":{"line":50,"column":18},"end":{"line":50,"column":38}},{"start":{"line":50,"column":42},"end":{"line":50,"column":53}}],"line":50}},"s":{"0":0,"1":0,"2":0,"3":0,"4":0,"5":0,"6":0,"7":0,"8":0,"9":0,"10":0,"11":0,"12":0,"13":0,"14":0,"15":0,"16":0,"17":0,"18":0,"19":0,"20":0},"f":{"0":0,"1":0,"2":0,"3":0,"4":0},"b":{"0":[0,0],"1":[0,0],"2":[0,0],"3":[0,0],"4":[0,0],"5":[0,0],"6":[0,0],"7":[0,0],"8":[0,0],"9":[0,0],"10":[0,0],"11":[0,0],"12":[0,0]}}
,"C:\\React\\react-redux-application\\src\\components\\flightdetails\\updatePassenger\\UpdatePassengerDetails.js": {"path":"C:\\React\\react-redux-application\\src\\components\\flightdetails\\updatePassenger\\UpdatePassengerDetails.js","statementMap":{"0":{"start":{"line":9,"column":31},"end":{"line":191,"column":1}},"1":{"start":{"line":10,"column":19},"end":{"line":10,"column":48}},"2":{"start":{"line":11,"column":18},"end":{"line":11,"column":39}},"3":{"start":{"line":13,"column":2},"end":{"line":27,"column":3}},"4":{"start":{"line":14,"column":4},"end":{"line":14,"column":23}},"5":{"start":{"line":15,"column":9},"end":{"line":27,"column":3}},"6":{"start":{"line":16,"column":15},"end":{"line":16,"column":52}},"7":{"start":{"line":17,"column":4},"end":{"line":17,"column":46}},"8":{"start":{"line":18,"column":4},"end":{"line":24,"column":6}},"9":{"start":{"line":26,"column":4},"end":{"line":26,"column":75}},"10":{"start":{"line":29,"column":16},"end":{"line":29,"column":48}},"11":{"start":{"line":30,"column":4},"end":{"line":30,"column":51}},"12":{"start":{"line":31,"column":14},"end":{"line":31,"column":39}},"13":{"start":{"line":32,"column":4},"end":{"line":32,"column":43}},"14":{"start":{"line":33,"column":4},"end":{"line":33,"column":56}},"15":{"start":{"line":36,"column":42},"end":{"line":36,"column":65}},"16":{"start":{"line":37,"column":26},"end":{"line":37,"column":41}},"17":{"start":{"line":38,"column":40},"end":{"line":43,"column":4}},"18":{"start":{"line":44,"column":2},"end":{"line":51,"column":27}},"19":{"start":{"line":45,"column":4},"end":{"line":50,"column":7}},"20":{"start":{"line":53,"column":25},"end":{"line":56,"column":4}},"21":{"start":{"line":54,"column":28},"end":{"line":54,"column":40}},"22":{"start":{"line":55,"column":4},"end":{"line":55,"column":54}},"23":{"start":{"line":57,"column":26},"end":{"line":59,"column":3}},"24":{"start":{"line":58,"column":4},"end":{"line":58,"column":18}},"25":{"start":{"line":60,"column":30},"end":{"line":62,"column":3}},"26":{"start":{"line":61,"column":4},"end":{"line":61,"column":19}},"27":{"start":{"line":63,"column":2},"end":{"line":190,"column":4}},"28":{"start":{"line":95,"column":12},"end":{"line":95,"column":35}},"29":{"start":{"line":96,"column":29},"end":{"line":96,"column":56}},"30":{"start":{"line":97,"column":12},"end":{"line":104,"column":14}},"31":{"start":{"line":138,"column":36},"end":{"line":138,"column":57}}},"fnMap":{"0":{"name":"(anonymous_0)","decl":{"start":{"line":9,"column":31},"end":{"line":9,"column":32}},"loc":{"start":{"line":9,"column":42},"end":{"line":191,"column":1}},"line":9},"1":{"name":"GetDateFormat","decl":{"start":{"line":28,"column":11},"end":{"line":28,"column":24}},"loc":{"start":{"line":28,"column":31},"end":{"line":34,"column":3}},"line":28},"2":{"name":"(anonymous_2)","decl":{"start":{"line":44,"column":18},"end":{"line":44,"column":19}},"loc":{"start":{"line":44,"column":24},"end":{"line":51,"column":3}},"line":44},"3":{"name":"(anonymous_3)","decl":{"start":{"line":53,"column":37},"end":{"line":53,"column":38}},"loc":{"start":{"line":53,"column":48},"end":{"line":56,"column":3}},"line":53},"4":{"name":"(anonymous_4)","decl":{"start":{"line":57,"column":26},"end":{"line":57,"column":27}},"loc":{"start":{"line":57,"column":32},"end":{"line":59,"column":3}},"line":57},"5":{"name":"(anonymous_5)","decl":{"start":{"line":60,"column":30},"end":{"line":60,"column":31}},"loc":{"start":{"line":60,"column":36},"end":{"line":62,"column":3}},"line":60},"6":{"name":"(anonymous_6)","decl":{"start":{"line":94,"column":20},"end":{"line":94,"column":21}},"loc":{"start":{"line":94,"column":31},"end":{"line":105,"column":11}},"line":94},"7":{"name":"(anonymous_7)","decl":{"start":{"line":138,"column":26},"end":{"line":138,"column":27}},"loc":{"start":{"line":138,"column":36},"end":{"line":138,"column":57}},"line":138}},"branchMap":{"0":{"loc":{"start":{"line":13,"column":2},"end":{"line":27,"column":3}},"type":"if","locations":[{"start":{"line":13,"column":2},"end":{"line":27,"column":3}},{"start":{"line":13,"column":2},"end":{"line":27,"column":3}}],"line":13},"1":{"loc":{"start":{"line":15,"column":9},"end":{"line":27,"column":3}},"type":"if","locations":[{"start":{"line":15,"column":9},"end":{"line":27,"column":3}},{"start":{"line":15,"column":9},"end":{"line":27,"column":3}}],"line":15},"2":{"loc":{"start":{"line":30,"column":12},"end":{"line":30,"column":50}},"type":"cond-expr","locations":[{"start":{"line":30,"column":31},"end":{"line":30,"column":36}},{"start":{"line":30,"column":39},"end":{"line":30,"column":50}}],"line":30},"3":{"loc":{"start":{"line":32,"column":10},"end":{"line":32,"column":42}},"type":"cond-expr","locations":[{"start":{"line":32,"column":27},"end":{"line":32,"column":30}},{"start":{"line":32,"column":33},"end":{"line":32,"column":42}}],"line":32}},"s":{"0":2,"1":0,"2":0,"3":0,"4":0,"5":0,"6":0,"7":0,"8":0,"9":0,"10":0,"11":0,"12":0,"13":0,"14":0,"15":0,"16":0,"17":0,"18":0,"19":0,"20":0,"21":0,"22":0,"23":0,"24":0,"25":0,"26":0,"27":0,"28":0,"29":0,"30":0,"31":0},"f":{"0":0,"1":0,"2":0,"3":0,"4":0,"5":0,"6":0,"7":0},"b":{"0":[0,0],"1":[0,0],"2":[0,0],"3":[0,0]},"_coverageSchema":"332fd63041d2c1bcb487cc26dd0d5f7d97098a6c","hash":"214e764917b96df02aeec000b9b39e02263a2c14"}
,"C:\\React\\react-redux-application\\src\\components\\ui\\Spinner.js": {"path":"C:\\React\\react-redux-application\\src\\components\\ui\\Spinner.js","statementMap":{"0":{"start":{"line":4,"column":16},"end":{"line":4,"column":63}},"1":{"start":{"line":4,"column":22},"end":{"line":4,"column":63}}},"fnMap":{"0":{"name":"(anonymous_0)","decl":{"start":{"line":4,"column":16},"end":{"line":4,"column":17}},"loc":{"start":{"line":4,"column":22},"end":{"line":4,"column":63}},"line":4}},"branchMap":{},"s":{"0":1,"1":1},"f":{"0":1},"b":{},"_coverageSchema":"332fd63041d2c1bcb487cc26dd0d5f7d97098a6c","hash":"df56d7d07c8487805d852ad2af90cb73b66fb922"}
,"C:\\React\\react-redux-application\\src\\containers\\Auth\\Login\\Login.js": {"path":"C:\\React\\react-redux-application\\src\\containers\\Auth\\Login\\Login.js","statementMap":{"0":{"start":{"line":15,"column":4},"end":{"line":15,"column":27}},"1":{"start":{"line":16,"column":4},"end":{"line":16,"column":73}},"2":{"start":{"line":17,"column":4},"end":{"line":17,"column":61}},"3":{"start":{"line":21,"column":4},"end":{"line":23,"column":7}},"4":{"start":{"line":27,"column":4},"end":{"line":39,"column":5}},"5":{"start":{"line":28,"column":6},"end":{"line":30,"column":9}},"6":{"start":{"line":31,"column":11},"end":{"line":39,"column":5}},"7":{"start":{"line":32,"column":6},"end":{"line":34,"column":9}},"8":{"start":{"line":36,"column":6},"end":{"line":38,"column":9}},"9":{"start":{"line":43,"column":4},"end":{"line":47,"column":6}},"10":{"start":{"line":51,"column":4},"end":{"line":51,"column":26}},"11":{"start":{"line":52,"column":4},"end":{"line":56,"column":6}},"12":{"start":{"line":60,"column":23},"end":{"line":60,"column":27}},"13":{"start":{"line":61,"column":4},"end":{"line":63,"column":5}},"14":{"start":{"line":62,"column":6},"end":{"line":62,"column":51}},"15":{"start":{"line":64,"column":4},"end":{"line":84,"column":6}},"16":{"start":{"line":87,"column":24},"end":{"line":93,"column":1}},"17":{"start":{"line":88,"column":2},"end":{"line":92,"column":4}},"18":{"start":{"line":95,"column":27},"end":{"line":101,"column":1}},"19":{"start":{"line":96,"column":2},"end":{"line":100,"column":4}},"20":{"start":{"line":97,"column":33},"end":{"line":97,"column":71}},"21":{"start":{"line":99,"column":4},"end":{"line":99,"column":75}}},"fnMap":{"0":{"name":"(anonymous_0)","decl":{"start":{"line":14,"column":17},"end":{"line":14,"column":18}},"loc":{"start":{"line":14,"column":28},"end":{"line":18,"column":3}},"line":14},"1":{"name":"(anonymous_1)","decl":{"start":{"line":20,"column":23},"end":{"line":20,"column":24}},"loc":{"start":{"line":20,"column":34},"end":{"line":24,"column":3}},"line":20},"2":{"name":"(anonymous_2)","decl":{"start":{"line":26,"column":2},"end":{"line":26,"column":3}},"loc":{"start":{"line":26,"column":44},"end":{"line":40,"column":3}},"line":26},"3":{"name":"(anonymous_3)","decl":{"start":{"line":42,"column":19},"end":{"line":42,"column":20}},"loc":{"start":{"line":42,"column":33},"end":{"line":48,"column":3}},"line":42},"4":{"name":"(anonymous_4)","decl":{"start":{"line":50,"column":21},"end":{"line":50,"column":22}},"loc":{"start":{"line":50,"column":35},"end":{"line":57,"column":3}},"line":50},"5":{"name":"(anonymous_5)","decl":{"start":{"line":59,"column":2},"end":{"line":59,"column":3}},"loc":{"start":{"line":59,"column":11},"end":{"line":85,"column":3}},"line":59},"6":{"name":"(anonymous_6)","decl":{"start":{"line":87,"column":24},"end":{"line":87,"column":25}},"loc":{"start":{"line":87,"column":35},"end":{"line":93,"column":1}},"line":87},"7":{"name":"(anonymous_7)","decl":{"start":{"line":95,"column":27},"end":{"line":95,"column":28}},"loc":{"start":{"line":95,"column":41},"end":{"line":101,"column":1}},"line":95},"8":{"name":"(anonymous_8)","decl":{"start":{"line":97,"column":12},"end":{"line":97,"column":13}},"loc":{"start":{"line":97,"column":33},"end":{"line":97,"column":71}},"line":97},"9":{"name":"(anonymous_9)","decl":{"start":{"line":98,"column":27},"end":{"line":98,"column":28}},"loc":{"start":{"line":99,"column":4},"end":{"line":99,"column":75}},"line":99}},"branchMap":{"0":{"loc":{"start":{"line":27,"column":4},"end":{"line":39,"column":5}},"type":"if","locations":[{"start":{"line":27,"column":4},"end":{"line":39,"column":5}},{"start":{"line":27,"column":4},"end":{"line":39,"column":5}}],"line":27},"1":{"loc":{"start":{"line":27,"column":8},"end":{"line":27,"column":39}},"type":"binary-expr","locations":[{"start":{"line":27,"column":8},"end":{"line":27,"column":20}},{"start":{"line":27,"column":24},"end":{"line":27,"column":39}}],"line":27},"2":{"loc":{"start":{"line":31,"column":11},"end":{"line":39,"column":5}},"type":"if","locations":[{"start":{"line":31,"column":11},"end":{"line":39,"column":5}},{"start":{"line":31,"column":11},"end":{"line":39,"column":5}}],"line":31},"3":{"loc":{"start":{"line":61,"column":4},"end":{"line":63,"column":5}},"type":"if","locations":[{"start":{"line":61,"column":4},"end":{"line":63,"column":5}},{"start":{"line":61,"column":4},"end":{"line":63,"column":5}}],"line":61}},"s":{"0":0,"1":0,"2":0,"3":0,"4":0,"5":0,"6":0,"7":0,"8":0,"9":0,"10":0,"11":0,"12":0,"13":0,"14":0,"15":0,"16":3,"17":0,"18":3,"19":0,"20":0,"21":0},"f":{"0":0,"1":0,"2":0,"3":0,"4":0,"5":0,"6":0,"7":0,"8":0,"9":0},"b":{"0":[0,0],"1":[0,0],"2":[0,0],"3":[0,0]},"_coverageSchema":"332fd63041d2c1bcb487cc26dd0d5f7d97098a6c","hash":"3cc1e6a85cb56660f73c2e8b8443dc7bfb95774c"}
,"C:\\React\\react-redux-application\\src\\containers\\Auth\\logout\\Logout.js": {"path":"C:\\React\\react-redux-application\\src\\containers\\Auth\\logout\\Logout.js","statementMap":{"0":{"start":{"line":8,"column":4},"end":{"line":8,"column":26}},"1":{"start":{"line":12,"column":4},"end":{"line":12,"column":31}},"2":{"start":{"line":16,"column":27},"end":{"line":20,"column":1}},"3":{"start":{"line":17,"column":2},"end":{"line":19,"column":4}},"4":{"start":{"line":18,"column":20},"end":{"line":18,"column":46}}},"fnMap":{"0":{"name":"(anonymous_0)","decl":{"start":{"line":7,"column":2},"end":{"line":7,"column":3}},"loc":{"start":{"line":7,"column":22},"end":{"line":9,"column":3}},"line":7},"1":{"name":"(anonymous_1)","decl":{"start":{"line":11,"column":2},"end":{"line":11,"column":3}},"loc":{"start":{"line":11,"column":11},"end":{"line":13,"column":3}},"line":11},"2":{"name":"(anonymous_2)","decl":{"start":{"line":16,"column":27},"end":{"line":16,"column":28}},"loc":{"start":{"line":16,"column":41},"end":{"line":20,"column":1}},"line":16},"3":{"name":"(anonymous_3)","decl":{"start":{"line":18,"column":14},"end":{"line":18,"column":15}},"loc":{"start":{"line":18,"column":20},"end":{"line":18,"column":46}},"line":18}},"branchMap":{},"s":{"0":0,"1":0,"2":2,"3":0,"4":0},"f":{"0":0,"1":0,"2":0,"3":0},"b":{},"_coverageSchema":"332fd63041d2c1bcb487cc26dd0d5f7d97098a6c","hash":"a118547e852989fe2ac9a9c3b23e7148be922715"}
[...]
,"C:\\React\\react-redux-application\\src\\store\\action\\index.js": {"path":"C:\\React\\react-redux-application\\src\\store\\action\\index.js","statementMap":{},"fnMap":{},"branchMap":{},"s":{},"f":{},"b":{},"_coverageSchema":"332fd63041d2c1bcb487cc26dd0d5f7d97098a6c","hash":"71a1c408156a1ed7ecec8462b4bd83a2c6f5835f"}
,"C:\\React\\react-redux-application\\src\\store\\reducer\\Auth.js": {"path":"C:\\React\\react-redux-application\\src\\store\\reducer\\Auth.js","statementMap":{"0":{"start":{"line":3,"column":21},"end":{"line":11,"column":1}},"1":{"start":{"line":13,"column":16},"end":{"line":54,"column":1}},"2":{"start":{"line":14,"column":2},"end":{"line":53,"column":3}},"3":{"start":{"line":16,"column":6},"end":{"line":20,"column":8}},"4":{"start":{"line":22,"column":6},"end":{"line":31,"column":8}},"5":{"start":{"line":33,"column":6},"end":{"line":37,"column":8}},"6":{"start":{"line":39,"column":6},"end":{"line":43,"column":8}},"7":{"start":{"line":45,"column":6},"end":{"line":49,"column":8}},"8":{"start":{"line":52,"column":6},"end":{"line":52,"column":19}}},"fnMap":{"0":{"name":"(anonymous_0)","decl":{"start":{"line":13,"column":16},"end":{"line":13,"column":17}},"loc":{"start":{"line":13,"column":50},"end":{"line":54,"column":1}},"line":13}},"branchMap":{"0":{"loc":{"start":{"line":13,"column":17},"end":{"line":13,"column":37}},"type":"default-arg","locations":[{"start":{"line":13,"column":25},"end":{"line":13,"column":37}}],"line":13},"1":{"loc":{"start":{"line":14,"column":2},"end":{"line":53,"column":3}},"type":"switch","locations":[{"start":{"line":15,"column":4},"end":{"line":20,"column":8}},{"start":{"line":21,"column":4},"end":{"line":31,"column":8}},{"start":{"line":32,"column":4},"end":{"line":37,"column":8}},{"start":{"line":38,"column":4},"end":{"line":43,"column":8}},{"start":{"line":44,"column":4},"end":{"line":49,"column":8}},{"start":{"line":51,"column":4},"end":{"line":52,"column":19}}],"line":14}},"s":{"0":1,"1":1,"2":6,"3":1,"4":1,"5":1,"6":1,"7":1,"8":1},"f":{"0":6},"b":{"0":[1],"1":[1,1,1,1,1,1]},"_coverageSchema":"332fd63041d2c1bcb487cc26dd0d5f7d97098a6c","hash":"42b291dd852fa9fb831973baed6cd0fc24e1f0e5"}
,"C:\\React\\react-redux-application\\src\\store\\reducer\\FlightDetails.js": {"path":"C:\\React\\react-redux-application\\src\\store\\reducer\\FlightDetails.js","statementMap":{"0":{"start":{"line":3,"column":21},"end":{"line":9,"column":1}},"1":{"start":{"line":11,"column":16},"end":{"line":245,"column":1}},"2":{"start":{"line":12,"column":2},"end":{"line":244,"column":3}},"3":{"start":{"line":14,"column":6},"end":{"line":18,"column":8}},"4":{"start":{"line":20,"column":6},"end":{"line":25,"column":8}},"5":{"start":{"line":27,"column":6},"end":{"line":31,"column":8}},"6":{"start":{"line":33,"column":6},"end":{"line":37,"column":8}},"7":{"start":{"line":39,"column":6},"end":{"line":44,"column":8}},"8":{"start":{"line":46,"column":6},"end":{"line":50,"column":8}},"9":{"start":{"line":52,"column":6},"end":{"line":56,"column":8}},"10":{"start":{"line":58,"column":15},"end":{"line":60,"column":8}},"11":{"start":{"line":59,"column":8},"end":{"line":59,"column":23}},"12":{"start":{"line":61,"column":6},"end":{"line":68,"column":8}},"13":{"start":{"line":66,"column":10},"end":{"line":66,"column":54}},"14":{"start":{"line":70,"column":6},"end":{"line":74,"column":8}},"15":{"start":{"line":76,"column":6},"end":{"line":80,"column":8}},"16":{"start":{"line":82,"column":16},"end":{"line":84,"column":8}},"17":{"start":{"line":83,"column":8},"end":{"line":83,"column":23}},"18":{"start":{"line":85,"column":6},"end":{"line":92,"column":8}},"19":{"start":{"line":90,"column":10},"end":{"line":90,"column":59}},"20":{"start":{"line":94,"column":6},"end":{"line":98,"column":8}},"21":{"start":{"line":100,"column":6},"end":{"line":104,"column":8}},"22":{"start":{"line":106,"column":6},"end":{"line":111,"column":8}},"23":{"start":{"line":113,"column":6},"end":{"line":117,"column":8}},"24":{"start":{"line":119,"column":6},"end":{"line":123,"column":8}},"25":{"start":{"line":125,"column":16},"end":{"line":127,"column":8}},"26":{"start":{"line":126,"column":8},"end":{"line":126,"column":23}},"27":{"start":{"line":128,"column":6},"end":{"line":135,"column":8}},"28":{"start":{"line":133,"column":10},"end":{"line":133,"column":55}},"29":{"start":{"line":137,"column":6},"end":{"line":141,"column":8}},"30":{"start":{"line":143,"column":6},"end":{"line":147,"column":8}},"31":{"start":{"line":149,"column":17},"end":{"line":151,"column":8}},"32":{"start":{"line":150,"column":8},"end":{"line":150,"column":23}},"33":{"start":{"line":152,"column":6},"end":{"line":159,"column":8}},"34":{"start":{"line":157,"column":10},"end":{"line":157,"column":56}},"35":{"start":{"line":161,"column":6},"end":{"line":165,"column":8}},"36":{"start":{"line":167,"column":6},"end":{"line":171,"column":8}},"37":{"start":{"line":173,"column":17},"end":{"line":175,"column":8}},"38":{"start":{"line":174,"column":8},"end":{"line":174,"column":23}},"39":{"start":{"line":176,"column":6},"end":{"line":183,"column":8}},"40":{"start":{"line":181,"column":10},"end":{"line":181,"column":56}},"41":{"start":{"line":185,"column":6},"end":{"line":189,"column":8}},"42":{"start":{"line":191,"column":6},"end":{"line":195,"column":8}},"43":{"start":{"line":197,"column":20},"end":{"line":199,"column":8}},"44":{"start":{"line":198,"column":8},"end":{"line":198,"column":23}},"45":{"start":{"line":200,"column":6},"end":{"line":207,"column":8}},"46":{"start":{"line":205,"column":10},"end":{"line":205,"column":59}},"47":{"start":{"line":209,"column":6},"end":{"line":213,"column":8}},"48":{"start":{"line":216,"column":6},"end":{"line":222,"column":8}},"49":{"start":{"line":224,"column":6},"end":{"line":228,"column":8}},"50":{"start":{"line":230,"column":6},"end":{"line":235,"column":8}},"51":{"start":{"line":237,"column":6},"end":{"line":241,"column":8}},"52":{"start":{"line":243,"column":6},"end":{"line":243,"column":19}}},"fnMap":{"0":{"name":"(anonymous_0)","decl":{"start":{"line":11,"column":16},"end":{"line":11,"column":17}},"loc":{"start":{"line":11,"column":50},"end":{"line":245,"column":1}},"line":11},"1":{"name":"(anonymous_1)","decl":{"start":{"line":58,"column":40},"end":{"line":58,"column":41}},"loc":{"start":{"line":58,"column":50},"end":{"line":60,"column":7}},"line":58},"2":{"name":"(anonymous_2)","decl":{"start":{"line":65,"column":47},"end":{"line":65,"column":48}},"loc":{"start":{"line":66,"column":10},"end":{"line":66,"column":54}},"line":66},"3":{"name":"(anonymous_3)","decl":{"start":{"line":82,"column":45},"end":{"line":82,"column":46}},"loc":{"start":{"line":82,"column":55},"end":{"line":84,"column":7}},"line":82},"4":{"name":"(anonymous_4)","decl":{"start":{"line":89,"column":55},"end":{"line":89,"column":56}},"loc":{"start":{"line":90,"column":10},"end":{"line":90,"column":59}},"line":90},"5":{"name":"(anonymous_5)","decl":{"start":{"line":125,"column":41},"end":{"line":125,"column":42}},"loc":{"start":{"line":125,"column":51},"end":{"line":127,"column":7}},"line":125},"6":{"name":"(anonymous_6)","decl":{"start":{"line":132,"column":47},"end":{"line":132,"column":48}},"loc":{"start":{"line":133,"column":10},"end":{"line":133,"column":55}},"line":133},"7":{"name":"(anonymous_7)","decl":{"start":{"line":149,"column":42},"end":{"line":149,"column":43}},"loc":{"start":{"line":149,"column":52},"end":{"line":151,"column":7}},"line":149},"8":{"name":"(anonymous_8)","decl":{"start":{"line":156,"column":47},"end":{"line":156,"column":48}},"loc":{"start":{"line":157,"column":10},"end":{"line":157,"column":56}},"line":157},"9":{"name":"(anonymous_9)","decl":{"start":{"line":173,"column":42},"end":{"line":173,"column":43}},"loc":{"start":{"line":173,"column":52},"end":{"line":175,"column":7}},"line":173},"10":{"name":"(anonymous_10)","decl":{"start":{"line":180,"column":47},"end":{"line":180,"column":48}},"loc":{"start":{"line":181,"column":10},"end":{"line":181,"column":56}},"line":181},"11":{"name":"(anonymous_11)","decl":{"start":{"line":197,"column":45},"end":{"line":197,"column":46}},"loc":{"start":{"line":197,"column":55},"end":{"line":199,"column":7}},"line":197},"12":{"name":"(anonymous_12)","decl":{"start":{"line":204,"column":47},"end":{"line":204,"column":48}},"loc":{"start":{"line":205,"column":10},"end":{"line":205,"column":59}},"line":205}},"branchMap":{"0":{"loc":{"start":{"line":11,"column":17},"end":{"line":11,"column":37}},"type":"default-arg","locations":[{"start":{"line":11,"column":25},"end":{"line":11,"column":37}}],"line":11},"1":{"loc":{"start":{"line":12,"column":2},"end":{"line":244,"column":3}},"type":"switch","locations":[{"start":{"line":13,"column":4},"end":{"line":18,"column":8}},{"start":{"line":19,"column":4},"end":{"line":25,"column":8}},{"start":{"line":26,"column":4},"end":{"line":31,"column":8}},{"start":{"line":32,"column":4},"end":{"line":37,"column":8}},{"start":{"line":38,"column":4},"end":{"line":44,"column":8}},{"start":{"line":45,"column":4},"end":{"line":50,"column":8}},{"start":{"line":51,"column":4},"end":{"line":56,"column":8}},{"start":{"line":57,"column":4},"end":{"line":68,"column":8}},{"start":{"line":69,"column":4},"end":{"line":74,"column":8}},{"start":{"line":75,"column":4},"end":{"line":80,"column":8}},{"start":{"line":81,"column":4},"end":{"line":92,"column":8}},{"start":{"line":93,"column":4},"end":{"line":98,"column":8}},{"start":{"line":99,"column":4},"end":{"line":104,"column":8}},{"start":{"line":105,"column":4},"end":{"line":111,"column":8}},{"start":{"line":112,"column":4},"end":{"line":117,"column":8}},{"start":{"line":118,"column":4},"end":{"line":123,"column":8}},{"start":{"line":124,"column":4},"end":{"line":135,"column":8}},{"start":{"line":136,"column":4},"end":{"line":141,"column":8}},{"start":{"line":142,"column":4},"end":{"line":147,"column":8}},{"start":{"line":148,"column":4},"end":{"line":159,"column":8}},{"start":{"line":160,"column":4},"end":{"line":165,"column":8}},{"start":{"line":166,"column":4},"end":{"line":171,"column":8}},{"start":{"line":172,"column":4},"end":{"line":183,"column":8}},{"start":{"line":184,"column":4},"end":{"line":189,"column":8}},{"start":{"line":190,"column":4},"end":{"line":195,"column":8}},{"start":{"line":196,"column":4},"end":{"line":207,"column":8}},{"start":{"line":208,"column":4},"end":{"line":213,"column":8}},{"start":{"line":215,"column":4},"end":{"line":222,"column":8}},{"start":{"line":223,"column":4},"end":{"line":228,"column":8}},{"start":{"line":229,"column":4},"end":{"line":235,"column":8}},{"start":{"line":236,"column":4},"end":{"line":241,"column":8}},{"start":{"line":242,"column":4},"end":{"line":243,"column":19}}],"line":12},"2":{"loc":{"start":{"line":66,"column":10},"end":{"line":66,"column":54}},"type":"cond-expr","locations":[{"start":{"line":66,"column":27},"end":{"line":66,"column":47}},{"start":{"line":66,"column":50},"end":{"line":66,"column":54}}],"line":66},"3":{"loc":{"start":{"line":90,"column":10},"end":{"line":90,"column":59}},"type":"cond-expr","locations":[{"start":{"line":90,"column":28},"end":{"line":90,"column":52}},{"start":{"line":90,"column":55},"end":{"line":90,"column":59}}],"line":90},"4":{"loc":{"start":{"line":133,"column":10},"end":{"line":133,"column":55}},"type":"cond-expr","locations":[{"start":{"line":133,"column":28},"end":{"line":133,"column":48}},{"start":{"line":133,"column":51},"end":{"line":133,"column":55}}],"line":133},"5":{"loc":{"start":{"line":157,"column":10},"end":{"line":157,"column":56}},"type":"cond-expr","locations":[{"start":{"line":157,"column":29},"end":{"line":157,"column":49}},{"start":{"line":157,"column":52},"end":{"line":157,"column":56}}],"line":157},"6":{"loc":{"start":{"line":181,"column":10},"end":{"line":181,"column":56}},"type":"cond-expr","locations":[{"start":{"line":181,"column":29},"end":{"line":181,"column":49}},{"start":{"line":181,"column":52},"end":{"line":181,"column":56}}],"line":181},"7":{"loc":{"start":{"line":205,"column":10},"end":{"line":205,"column":59}},"type":"cond-expr","locations":[{"start":{"line":205,"column":32},"end":{"line":205,"column":52}},{"start":{"line":205,"column":55},"end":{"line":205,"column":59}}],"line":205},"8":{"loc":{"start":{"line":219,"column":10},"end":{"line":221,"column":34}},"type":"cond-expr","locations":[{"start":{"line":220,"column":14},"end":{"line":220,"column":33}},{"start":{"line":221,"column":14},"end":{"line":221,"column":34}}],"line":219}},"s":{"0":1,"1":1,"2":32,"3":1,"4":1,"5":1,"6":1,"7":1,"8":1,"9":1,"10":1,"11":1,"12":1,"13":1,"14":1,"15":1,"16":1,"17":1,"18":1,"19":1,"20":1,"21":1,"22":1,"23":1,"24":1,"25":1,"26":1,"27":1,"28":1,"29":1,"30":1,"31":1,"32":1,"33":1,"34":1,"35":1,"36":1,"37":1,"38":1,"39":1,"40":1,"41":1,"42":1,"43":1,"44":1,"45":1,"46":1,"47":1,"48":1,"49":1,"50":1,"51":1,"52":1},"f":{"0":32,"1":1,"2":1,"3":1,"4":1,"5":1,"6":1,"7":1,"8":1,"9":1,"10":1,"11":1,"12":1},"b":{"0":[1],"1":[1,1,1,1,1,1,1,1,1,1,1,1,1,1,1,1,1,1,1,1,1,1,1,1,1,1,1,1,1,1,1,1],"2":[0,1],"3":[0,1],"4":[0,1],"5":[0,1],"6":[0,1],"7":[0,1],"8":[0,1]},"_coverageSchema":"332fd63041d2c1bcb487cc26dd0d5f7d97098a6c","hash":"2b8000ce62bf84d02b8d5df907b40df15d453e60"}
,"C:\\React\\react-redux-application\\src\\store\\reducer\\FlightLists.js": {"path":"C:\\React\\react-redux-application\\src\\store\\reducer\\FlightLists.js","statementMap":{"0":{"start":{"line":3,"column":21},"end":{"line":7,"column":1}},"1":{"start":{"line":9,"column":16},"end":{"line":105,"column":1}},"2":{"start":{"line":10,"column":2},"end":{"line":104,"column":3}},"3":{"start":{"line":12,"column":6},"end":{"line":16,"column":8}},"4":{"start":{"line":18,"column":6},"end":{"line":23,"column":8}},"5":{"start":{"line":25,"column":6},"end":{"line":29,"column":8}},"6":{"start":{"line":31,"column":6},"end":{"line":35,"column":8}},"7":{"start":{"line":37,"column":15},"end":{"line":39,"column":8}},"8":{"start":{"line":38,"column":8},"end":{"line":38,"column":23}},"9":{"start":{"line":40,"column":6},"end":{"line":47,"column":8}},"10":{"start":{"line":45,"column":10},"end":{"line":45,"column":51}},"11":{"start":{"line":49,"column":6},"end":{"line":53,"column":8}},"12":{"start":{"line":55,"column":6},"end":{"line":59,"column":8}},"13":{"start":{"line":61,"column":16},"end":{"line":63,"column":8}},"14":{"start":{"line":62,"column":8},"end":{"line":62,"column":23}},"15":{"start":{"line":64,"column":6},"end":{"line":71,"column":8}},"16":{"start":{"line":69,"column":10},"end":{"line":69,"column":52}},"17":{"start":{"line":73,"column":6},"end":{"line":77,"column":8}},"18":{"start":{"line":79,"column":6},"end":{"line":83,"column":8}},"19":{"start":{"line":85,"column":16},"end":{"line":87,"column":8}},"20":{"start":{"line":86,"column":8},"end":{"line":86,"column":23}},"21":{"start":{"line":88,"column":6},"end":{"line":95,"column":8}},"22":{"start":{"line":93,"column":10},"end":{"line":93,"column":52}},"23":{"start":{"line":97,"column":6},"end":{"line":101,"column":8}},"24":{"start":{"line":103,"column":6},"end":{"line":103,"column":19}}},"fnMap":{"0":{"name":"(anonymous_0)","decl":{"start":{"line":9,"column":16},"end":{"line":9,"column":17}},"loc":{"start":{"line":9,"column":50},"end":{"line":105,"column":1}},"line":9},"1":{"name":"(anonymous_1)","decl":{"start":{"line":37,"column":37},"end":{"line":37,"column":38}},"loc":{"start":{"line":37,"column":47},"end":{"line":39,"column":7}},"line":37},"2":{"name":"(anonymous_2)","decl":{"start":{"line":44,"column":41},"end":{"line":44,"column":42}},"loc":{"start":{"line":45,"column":10},"end":{"line":45,"column":51}},"line":45},"3":{"name":"(anonymous_3)","decl":{"start":{"line":61,"column":38},"end":{"line":61,"column":39}},"loc":{"start":{"line":61,"column":48},"end":{"line":63,"column":7}},"line":61},"4":{"name":"(anonymous_4)","decl":{"start":{"line":68,"column":41},"end":{"line":68,"column":42}},"loc":{"start":{"line":69,"column":10},"end":{"line":69,"column":52}},"line":69},"5":{"name":"(anonymous_5)","decl":{"start":{"line":85,"column":38},"end":{"line":85,"column":39}},"loc":{"start":{"line":85,"column":48},"end":{"line":87,"column":7}},"line":85},"6":{"name":"(anonymous_6)","decl":{"start":{"line":92,"column":41},"end":{"line":92,"column":42}},"loc":{"start":{"line":93,"column":10},"end":{"line":93,"column":52}},"line":93}},"branchMap":{"0":{"loc":{"start":{"line":9,"column":17},"end":{"line":9,"column":37}},"type":"default-arg","locations":[{"start":{"line":9,"column":25},"end":{"line":9,"column":37}}],"line":9},"1":{"loc":{"start":{"line":10,"column":2},"end":{"line":104,"column":3}},"type":"switch","locations":[{"start":{"line":11,"column":4},"end":{"line":16,"column":8}},{"start":{"line":17,"column":4},"end":{"line":23,"column":8}},{"start":{"line":24,"column":4},"end":{"line":29,"column":8}},{"start":{"line":30,"column":4},"end":{"line":35,"column":8}},{"start":{"line":36,"column":4},"end":{"line":47,"column":8}},{"start":{"line":48,"column":4},"end":{"line":53,"column":8}},{"start":{"line":54,"column":4},"end":{"line":59,"column":8}},{"start":{"line":60,"column":4},"end":{"line":71,"column":8}},{"start":{"line":72,"column":4},"end":{"line":77,"column":8}},{"start":{"line":78,"column":4},"end":{"line":83,"column":8}},{"start":{"line":84,"column":4},"end":{"line":95,"column":8}},{"start":{"line":96,"column":4},"end":{"line":101,"column":8}},{"start":{"line":102,"column":4},"end":{"line":103,"column":19}}],"line":10},"2":{"loc":{"start":{"line":45,"column":10},"end":{"line":45,"column":51}},"type":"cond-expr","locations":[{"start":{"line":45,"column":27},"end":{"line":45,"column":44}},{"start":{"line":45,"column":47},"end":{"line":45,"column":51}}],"line":45},"3":{"loc":{"start":{"line":69,"column":10},"end":{"line":69,"column":52}},"type":"cond-expr","locations":[{"start":{"line":69,"column":28},"end":{"line":69,"column":45}},{"start":{"line":69,"column":48},"end":{"line":69,"column":52}}],"line":69},"4":{"loc":{"start":{"line":93,"column":10},"end":{"line":93,"column":52}},"type":"cond-expr","locations":[{"start":{"line":93,"column":28},"end":{"line":93,"column":45}},{"start":{"line":93,"column":48},"end":{"line":93,"column":52}}],"line":93}},"s":{"0":1,"1":1,"2":13,"3":1,"4":1,"5":1,"6":1,"7":1,"8":1,"9":1,"10":1,"11":1,"12":1,"13":1,"14":1,"15":1,"16":1,"17":1,"18":1,"19":1,"20":1,"21":1,"22":1,"23":1,"24":1},"f":{"0":13,"1":1,"2":1,"3":1,"4":1,"5":1,"6":1},"b":{"0":[1],"1":[1,1,1,1,1,1,1,1,1,1,1,1,1],"2":[0,1],"3":[0,1],"4":[0,1]},"_coverageSchema":"332fd63041d2c1bcb487cc26dd0d5f7d97098a6c","hash":"8a8a9c9b4c59508326faeeb6c67892e707c2087b"}
}
