TN:
SF:C:\React\react-redux-application\src\App.js
FN:8,(anonymous_0)
FN:12,(anonymous_1)
FN:16,App
FNF:3
FNH:1
FNDA:0,(anonymous_0)
FNDA:0,(anonymous_1)
FNDA:10,App
DA:8,2
DA:9,0
DA:12,2
DA:13,0
DA:17,10
LF:5
LH:3
BRF:0
BRH:0
end_of_record
TN:
SF:C:\React\react-redux-application\src\index.js
FN:12,_interopRequireDefault
FN:27,(anonymous_1)
FNF:2
FNH:0
FNDA:0,_interopRequireDefault
FNDA:0,(anonymous_1)
DA:1,0
DA:2,0
DA:3,0
DA:4,0
DA:5,0
DA:6,0
DA:7,0
DA:8,0
DA:9,0
DA:10,0
DA:11,0
DA:12,0
DA:14,0
DA:16,0
DA:21,0
DA:22,0
DA:27,0
DA:28,0
LF:18
LH:0
BRDA:12,0,0,0
BRDA:12,0,1,0
BRDA:12,1,0,0
BRDA:12,1,1,0
BRDA:14,2,0,0
BRDA:14,2,1,0
BRF:6
BRH:0
end_of_record
TN:
SF:C:\React\react-redux-application\src\serviceWorker.js
FN:142,register
FN:146,(anonymous_1)
FN:149,(anonymous_2)
FN:150,registerValidSW
FN:150,(anonymous_4)
FN:150,(anonymous_5)
FN:150,(anonymous_6)
FN:158,(anonymous_7)
FN:158,checkValidServiceWorker
FN:159,(anonymous_9)
FN:161,(anonymous_10)
FN:161,(anonymous_11)
FN:162,(anonymous_12)
FN:162,unregister
FN:162,(anonymous_14)
FN:162,(anonymous_15)
FNF:16
FNH:0
FNDA:0,register
FNDA:0,(anonymous_1)
FNDA:0,(anonymous_2)
FNDA:0,registerValidSW
FNDA:0,(anonymous_4)
FNDA:0,(anonymous_5)
FNDA:0,(anonymous_6)
FNDA:0,(anonymous_7)
FNDA:0,checkValidServiceWorker
FNDA:0,(anonymous_9)
FNDA:0,(anonymous_10)
FNDA:0,(anonymous_11)
FNDA:0,(anonymous_12)
FNDA:0,unregister
FNDA:0,(anonymous_14)
FNDA:0,(anonymous_15)
DA:1,0
DA:23,0
DA:140,0
DA:142,0
DA:143,0
DA:146,0
DA:147,0
DA:149,0
DA:150,0
DA:153,0
DA:154,0
DA:157,0
DA:158,0
DA:159,0
DA:160,0
DA:161,0
DA:162,0
LF:17
LH:0
BRDA:140,0,0,0
BRDA:140,0,1,0
BRDA:140,0,2,0
BRDA:142,1,0,0
BRDA:142,1,1,0
BRDA:142,2,0,0
BRDA:142,2,1,0
BRDA:143,3,0,0
BRDA:143,3,1,0
BRDA:146,4,0,0
BRDA:146,4,1,0
BRDA:150,5,0,0
BRDA:150,5,1,0
BRDA:150,6,0,0
BRDA:150,6,1,0
BRDA:150,7,0,0
BRDA:150,7,1,0
BRDA:154,8,0,0
BRDA:154,8,1,0
BRDA:154,9,0,0
BRDA:154,9,1,0
BRDA:158,10,0,0
BRDA:158,10,1,0
BRDA:158,11,0,0
BRDA:158,11,1,0
BRDA:160,12,0,0
BRDA:160,12,1,0
BRDA:160,13,0,0
BRDA:160,13,1,0
BRDA:160,13,2,0
BRDA:162,14,0,0
BRDA:162,14,1,0
BRF:32
BRH:0
end_of_record
TN:
SF:C:\React\react-redux-application\src\setupTests.js
FNF:0
FNH:0
LF:0
LH:0
BRF:0
BRH:0
end_of_record
TN:
SF:C:\React\react-redux-application\src\components\Auth\Login\Login.js
FN:7,(anonymous_0)
FNF:1
FNH:1
FNDA:11,(anonymous_0)
DA:7,4
DA:16,11
DA:17,11
DA:18,0
DA:25,11
DA:26,0
DA:33,11
LF:7
LH:5
BRDA:17,0,0,0
BRDA:17,0,1,11
BRDA:25,1,0,0
BRDA:25,1,1,11
BRF:4
BRH:2
end_of_record
TN:
SF:C:\React\react-redux-application\src\components\Logo\Logo.js
FN:5,(anonymous_0)
FNF:1
FNH:0
FNDA:0,(anonymous_0)
DA:5,3
DA:6,0
LF:2
LH:1
BRF:0
BRH:0
end_of_record
TN:
SF:C:\React\react-redux-application\src\components\Navigation\NavigationIteams\NavigationIteams.js
FN:5,(anonymous_0)
FNF:1
FNH:1
FNDA:4,(anonymous_0)
DA:5,4
DA:6,4
LF:2
LH:2
BRDA:7,0,0,2
BRDA:7,0,1,2
BRF:2
BRH:2
end_of_record
TN:
SF:C:\React\react-redux-application\src\components\Navigation\NavigationIteams\NavigationIteam\NavigationIteam.js
FN:5,(anonymous_0)
FNF:1
FNH:0
FNDA:0,(anonymous_0)
DA:5,4
DA:6,0
LF:2
LH:1
BRF:0
BRH:0
end_of_record
TN:
SF:C:\React\react-redux-application\src\components\Navigation\Toolbar\Toolbar.js
FN:7,(anonymous_0)
FNF:1
FNH:1
FNDA:1,(anonymous_0)
DA:7,3
DA:8,1
LF:2
LH:2
BRDA:17,0,0,0
BRDA:17,0,1,1
BRF:2
BRH:1
end_of_record
TN:
SF:C:\React\react-redux-application\src\components\flightList\FlightList.js
FN:6,(anonymous_0)
FN:70,(anonymous_1)
FN:104,(anonymous_2)
FN:129,(anonymous_3)
FN:154,(anonymous_4)
FN:173,(anonymous_5)
FNF:6
FNH:0
FNDA:0,(anonymous_0)
FNDA:0,(anonymous_1)
FNDA:0,(anonymous_2)
FNDA:0,(anonymous_3)
FNDA:0,(anonymous_4)
FNDA:0,(anonymous_5)
DA:6,3
DA:7,0
DA:71,0
DA:105,0
DA:130,0
DA:155,0
DA:173,3
DA:174,0
LF:8
LH:2
BRDA:39,0,0,0
BRDA:39,0,1,0
BRDA:48,1,0,0
BRDA:48,1,1,0
BRDA:57,2,0,0
BRDA:57,2,1,0
BRDA:87,3,0,0
BRDA:87,3,1,0
BRDA:111,4,0,0
BRDA:111,4,1,0
BRDA:136,5,0,0
BRDA:136,5,1,0
BRF:12
BRH:0
end_of_record
TN:
SF:C:\React\react-redux-application\src\components\flightList\AdditionalServices\AdditionalServices.js
FN:7,(anonymous_0)
FN:9,(anonymous_1)
FN:15,(anonymous_2)
FN:18,(anonymous_3)
FN:22,(anonymous_4)
FN:27,(anonymous_5)
FN:32,(anonymous_6)
FN:37,(anonymous_7)
FN:40,(anonymous_8)
FN:46,(anonymous_9)
FN:108,(anonymous_10)
FNF:11
FNH:2
FNDA:4,(anonymous_0)
FNDA:0,(anonymous_1)
FNDA:0,(anonymous_2)
FNDA:0,(anonymous_3)
FNDA:0,(anonymous_4)
FNDA:0,(anonymous_5)
FNDA:0,(anonymous_6)
FNDA:0,(anonymous_7)
FNDA:0,(anonymous_8)
FNDA:4,(anonymous_9)
FNDA:0,(anonymous_10)
DA:7,4
DA:8,4
DA:9,4
DA:10,0
DA:13,4
DA:15,4
DA:16,0
DA:18,4
DA:19,0
DA:20,0
DA:21,0
DA:22,0
DA:23,0
DA:27,4
DA:28,0
DA:29,0
DA:30,0
DA:32,4
DA:33,0
DA:34,0
DA:35,0
DA:37,4
DA:38,0
DA:39,0
DA:40,0
DA:42,0
DA:44,4
DA:45,4
DA:47,4
DA:75,4
DA:109,0
DA:110,0
LF:32
LH:13
BRDA:20,0,0,0
BRDA:20,0,1,0
BRDA:45,1,0,4
BRDA:45,1,1,4
BRF:4
BRH:2
end_of_record
TN:
SF:C:\React\react-redux-application\src\components\flightdetails\FlightDetails.js
FN:14,(anonymous_0)
FN:17,(anonymous_1)
FN:20,(anonymous_2)
FN:57,(anonymous_3)
FN:433,(anonymous_4)
FN:495,(anonymous_5)
FN:531,(anonymous_6)
FN:558,(anonymous_7)
FN:585,(anonymous_8)
FN:616,(anonymous_9)
FN:695,(anonymous_10)
FNF:11
FNH:0
FNDA:0,(anonymous_0)
FNDA:0,(anonymous_1)
FNDA:0,(anonymous_2)
FNDA:0,(anonymous_3)
FNDA:0,(anonymous_4)
FNDA:0,(anonymous_5)
FNDA:0,(anonymous_6)
FNDA:0,(anonymous_7)
FNDA:0,(anonymous_8)
FNDA:0,(anonymous_9)
FNDA:0,(anonymous_10)
DA:14,2
DA:15,0
DA:17,2
DA:18,2
DA:20,2
DA:57,2
DA:58,0
DA:59,0
DA:434,0
DA:496,0
DA:531,0
DA:559,0
DA:586,0
DA:617,0
DA:695,2
DA:696,0
LF:16
LH:6
BRDA:76,0,0,0
BRDA:76,0,1,0
BRDA:115,1,0,0
BRDA:115,1,1,0
BRDA:133,2,0,0
BRDA:133,2,1,0
BRDA:141,3,0,0
BRDA:141,3,1,0
BRDA:159,4,0,0
BRDA:159,4,1,0
BRDA:167,5,0,0
BRDA:167,5,1,0
BRDA:186,6,0,0
BRDA:186,6,1,0
BRDA:194,7,0,0
BRDA:194,7,1,0
BRDA:213,8,0,0
BRDA:213,8,1,0
BRDA:221,9,0,0
BRDA:221,9,1,0
BRDA:240,10,0,0
BRDA:240,10,1,0
BRDA:248,11,0,0
BRDA:248,11,1,0
BRDA:267,12,0,0
BRDA:267,12,1,0
BRDA:275,13,0,0
BRDA:275,13,1,0
BRDA:324,14,0,0
BRDA:324,14,1,0
BRDA:333,15,0,0
BRDA:333,15,1,0
BRDA:342,16,0,0
BRDA:342,16,1,0
BRDA:351,17,0,0
BRDA:351,17,1,0
BRDA:360,18,0,0
BRDA:360,18,1,0
BRDA:369,19,0,0
BRDA:369,19,1,0
BRDA:378,20,0,0
BRDA:378,20,1,0
BRDA:378,21,0,0
BRDA:378,21,1,0
BRDA:390,22,0,0
BRDA:390,22,1,0
BRDA:390,23,0,0
BRDA:390,23,1,0
BRDA:402,24,0,0
BRDA:402,24,1,0
BRDA:402,25,0,0
BRDA:402,25,1,0
BRDA:412,26,0,0
BRDA:412,26,1,0
BRDA:412,27,0,0
BRDA:412,27,1,0
BRDA:422,28,0,0
BRDA:422,28,1,0
BRDA:422,29,0,0
BRDA:422,29,1,0
BRDA:440,30,0,0
BRDA:440,30,1,0
BRDA:449,31,0,0
BRDA:449,31,1,0
BRDA:458,32,0,0
BRDA:458,32,1,0
BRDA:467,33,0,0
BRDA:467,33,1,0
BRDA:476,34,0,0
BRDA:476,34,1,0
BRDA:485,35,0,0
BRDA:485,35,1,0
BRDA:485,36,0,0
BRDA:485,36,1,0
BRDA:504,37,0,0
BRDA:504,37,1,0
BRDA:522,38,0,0
BRDA:522,38,1,0
BRDA:522,39,0,0
BRDA:522,39,1,0
BRDA:539,40,0,0
BRDA:539,40,1,0
BRDA:539,41,0,0
BRDA:539,41,1,0
BRDA:566,42,0,0
BRDA:566,42,1,0
BRDA:566,43,0,0
BRDA:566,43,1,0
BRDA:596,44,0,0
BRDA:596,44,1,0
BRDA:596,45,0,0
BRDA:596,45,1,0
BRDA:636,46,0,0
BRDA:636,46,1,0
BRDA:676,47,0,0
BRDA:676,47,1,0
BRF:96
BRH:0
end_of_record
TN:
SF:C:\React\react-redux-application\src\components\flightdetails\AddPassenger\AddPassenger.js
FN:10,(anonymous_0)
FN:11,GetDateFormat
FN:33,(anonymous_2)
FN:37,(anonymous_3)
FN:40,(anonymous_4)
FN:76,(anonymous_5)
FN:132,(anonymous_6)
FN:151,(anonymous_7)
FN:164,(anonymous_8)
FN:182,(anonymous_9)
FN:194,(anonymous_10)
FN:212,(anonymous_11)
FN:224,(anonymous_12)
FNF:13
FNH:0
FNDA:0,(anonymous_0)
FNDA:0,GetDateFormat
FNDA:0,(anonymous_2)
FNDA:0,(anonymous_3)
FNDA:0,(anonymous_4)
FNDA:0,(anonymous_5)
FNDA:0,(anonymous_6)
FNDA:0,(anonymous_7)
FNDA:0,(anonymous_8)
FNDA:0,(anonymous_9)
FNDA:0,(anonymous_10)
FNDA:0,(anonymous_11)
FNDA:0,(anonymous_12)
DA:10,2
DA:12,0
DA:13,0
DA:14,0
DA:15,0
DA:16,0
DA:19,0
DA:20,0
DA:21,0
DA:22,0
DA:23,0
DA:24,0
DA:33,0
DA:34,0
DA:35,0
DA:37,0
DA:38,0
DA:40,0
DA:41,0
DA:44,0
DA:77,0
DA:78,0
DA:79,0
DA:132,0
DA:151,0
DA:164,0
DA:182,0
DA:194,0
DA:212,0
DA:224,0
LF:30
LH:1
BRDA:13,0,0,0
BRDA:13,0,1,0
BRDA:15,1,0,0
BRDA:15,1,1,0
BRF:4
BRH:0
end_of_record
TN:
SF:C:\React\react-redux-application\src\components\flightdetails\AdditionalServices\AdditionalServices.js
FN:17,(anonymous_0)
FN:24,(anonymous_1)
FN:31,(anonymous_2)
FN:39,(anonymous_3)
FN:44,(anonymous_4)
FN:50,(anonymous_5)
FN:55,(anonymous_6)
FN:55,(anonymous_7)
FN:63,(anonymous_8)
FN:68,(anonymous_9)
FN:71,(anonymous_10)
FN:126,(anonymous_11)
FN:137,(anonymous_12)
FNF:13
FNH:2
FNDA:4,(anonymous_0)
FNDA:0,(anonymous_1)
FNDA:0,(anonymous_2)
FNDA:0,(anonymous_3)
FNDA:0,(anonymous_4)
FNDA:0,(anonymous_5)
FNDA:0,(anonymous_6)
FNDA:0,(anonymous_7)
FNDA:0,(anonymous_8)
FNDA:4,(anonymous_9)
FNDA:0,(anonymous_10)
FNDA:0,(anonymous_11)
FNDA:0,(anonymous_12)
DA:18,4
DA:19,0
DA:22,0
DA:23,0
DA:24,0
DA:26,0
DA:28,0
DA:32,0
DA:33,0
DA:40,0
DA:45,0
DA:51,0
DA:55,0
DA:56,0
DA:57,0
DA:58,0
DA:59,0
DA:60,0
DA:61,0
DA:63,0
DA:65,0
DA:69,4
DA:70,4
DA:71,0
DA:72,0
DA:92,4
DA:127,0
DA:128,0
DA:138,0
LF:29
LH:4
BRDA:18,0,0,0
BRDA:18,0,1,4
BRDA:18,1,0,4
BRDA:18,1,1,0
BRDA:32,2,0,0
BRDA:32,2,1,0
BRDA:60,3,0,0
BRDA:60,3,1,0
BRDA:70,4,0,0
BRDA:70,4,1,4
BRF:10
BRH:3
end_of_record
TN:
SF:C:\React\react-redux-application\src\components\flightdetails\SeatType\SeatType.js
FN:3,(anonymous_0)
FNF:1
FNH:1
FNDA:3,(anonymous_0)
DA:3,3
DA:4,3
DA:5,3
LF:3
LH:3
BRDA:12,0,0,0
BRDA:12,0,1,3
BRDA:24,1,0,0
BRDA:24,1,1,3
BRDA:37,2,0,0
BRDA:37,2,1,3
BRDA:49,3,0,0
BRDA:49,3,1,3
BRDA:61,4,0,3
BRDA:61,4,1,0
BRF:10
BRH:5
end_of_record
TN:
SF:C:\React\react-redux-application\src\components\flightdetails\SeatType\SeatMap\SeatMap.js
FN:5,_interopRequireDefault
FN:6,(anonymous_1)
FN:22,(anonymous_2)
FN:30,(anonymous_3)
FN:39,(anonymous_4)
FNF:5
FNH:0
FNDA:0,_interopRequireDefault
FNDA:0,(anonymous_1)
FNDA:0,(anonymous_2)
FNDA:0,(anonymous_3)
FNDA:0,(anonymous_4)
DA:1,0
DA:2,0
DA:3,0
DA:4,0
DA:5,0
DA:6,0
DA:22,0
DA:23,0
DA:24,0
DA:25,0
DA:31,0
DA:40,0
DA:66,0
LF:13
LH:0
BRDA:5,0,0,0
BRDA:5,0,1,0
BRDA:5,1,0,0
BRDA:5,1,1,0
BRDA:31,2,0,0
BRDA:31,2,1,0
BRDA:35,3,0,0
BRDA:35,3,1,0
BRDA:35,4,0,0
BRDA:35,4,1,0
BRDA:44,5,0,0
BRDA:44,5,1,0
BRDA:44,6,0,0
BRDA:44,6,1,0
BRDA:46,7,0,0
BRDA:46,7,1,0
BRDA:46,8,0,0
BRDA:46,8,1,0
BRDA:48,9,0,0
BRDA:48,9,1,0
BRDA:48,10,0,0
BRDA:48,10,1,0
BRDA:50,11,0,0
BRDA:50,11,1,0
BRDA:50,12,0,0
BRDA:50,12,1,0
BRF:26
BRH:0
end_of_record
TN:
SF:C:\React\react-redux-application\src\components\flightdetails\updatePassenger\UpdatePassengerDetails.js
FN:9,(anonymous_0)
FN:28,GetDateFormat
FN:44,(anonymous_2)
FN:53,(anonymous_3)
FN:57,(anonymous_4)
FN:60,(anonymous_5)
FN:94,(anonymous_6)
FN:138,(anonymous_7)
FNF:8
FNH:0
FNDA:0,(anonymous_0)
FNDA:0,GetDateFormat
FNDA:0,(anonymous_2)
FNDA:0,(anonymous_3)
FNDA:0,(anonymous_4)
FNDA:0,(anonymous_5)
FNDA:0,(anonymous_6)
FNDA:0,(anonymous_7)
DA:9,2
DA:10,0
DA:11,0
DA:13,0
DA:14,0
DA:15,0
DA:16,0
DA:17,0
DA:18,0
DA:26,0
DA:29,0
DA:30,0
DA:31,0
DA:32,0
DA:33,0
DA:36,0
DA:37,0
DA:38,0
DA:44,0
DA:45,0
DA:53,0
DA:54,0
DA:55,0
DA:57,0
DA:58,0
DA:60,0
DA:61,0
DA:63,0
DA:95,0
DA:96,0
DA:97,0
DA:138,0
LF:32
LH:1
BRDA:13,0,0,0
BRDA:13,0,1,0
BRDA:15,1,0,0
BRDA:15,1,1,0
BRDA:30,2,0,0
BRDA:30,2,1,0
BRDA:32,3,0,0
BRDA:32,3,1,0
BRF:8
BRH:0
end_of_record
TN:
SF:C:\React\react-redux-application\src\components\ui\Spinner.js
FN:4,(anonymous_0)
FNF:1
FNH:1
FNDA:1,(anonymous_0)
DA:4,1
LF:1
LH:1
BRF:0
BRH:0
end_of_record
TN:
SF:C:\React\react-redux-application\src\containers\Auth\Login\Login.js
FN:14,(anonymous_0)
FN:20,(anonymous_1)
FN:26,(anonymous_2)
FN:42,(anonymous_3)
FN:50,(anonymous_4)
FN:59,(anonymous_5)
FN:87,(anonymous_6)
FN:95,(anonymous_7)
FN:97,(anonymous_8)
FN:98,(anonymous_9)
FNF:10
FNH:0
FNDA:0,(anonymous_0)
FNDA:0,(anonymous_1)
FNDA:0,(anonymous_2)
FNDA:0,(anonymous_3)
FNDA:0,(anonymous_4)
FNDA:0,(anonymous_5)
FNDA:0,(anonymous_6)
FNDA:0,(anonymous_7)
FNDA:0,(anonymous_8)
FNDA:0,(anonymous_9)
DA:15,0
DA:16,0
DA:17,0
DA:21,0
DA:27,0
DA:28,0
DA:31,0
DA:32,0
DA:36,0
DA:43,0
DA:51,0
DA:52,0
DA:60,0
DA:61,0
DA:62,0
DA:64,0
DA:87,3
DA:88,0
DA:95,3
DA:96,0
DA:97,0
DA:99,0
LF:22
LH:2
BRDA:27,0,0,0
BRDA:27,0,1,0
BRDA:27,1,0,0
BRDA:27,1,1,0
BRDA:31,2,0,0
BRDA:31,2,1,0
BRDA:61,3,0,0
BRDA:61,3,1,0
BRF:8
BRH:0
end_of_record
TN:
SF:C:\React\react-redux-application\src\containers\Auth\logout\Logout.js
FN:7,(anonymous_0)
FN:11,(anonymous_1)
FN:16,(anonymous_2)
FN:18,(anonymous_3)
FNF:4
FNH:0
FNDA:0,(anonymous_0)
FNDA:0,(anonymous_1)
FNDA:0,(anonymous_2)
FNDA:0,(anonymous_3)
DA:8,0
DA:12,0
DA:16,2
DA:17,0
DA:18,0
LF:5
LH:1
BRF:0
BRH:0
end_of_record
TN:
SF:C:\React\react-redux-application\src\containers\flightDetails\FlightDetailsCointainer.js
FN:23,(anonymous_0)
FN:31,(anonymous_1)
FN:58,(anonymous_2)
FN:68,(anonymous_3)
FN:74,(anonymous_4)
FN:80,(anonymous_5)
FN:86,(anonymous_6)
FN:92,(anonymous_7)
FN:98,(anonymous_8)
FN:104,(anonymous_9)
FN:112,(anonymous_10)
FN:119,(anonymous_11)
FN:124,(anonymous_12)
FN:129,(anonymous_13)
FN:134,(anonymous_14)
FN:139,(anonymous_15)
FN:144,(anonymous_16)
FN:151,(anonymous_17)
FN:157,(anonymous_18)
FN:164,(anonymous_19)
FN:168,(anonymous_20)
FN:199,(anonymous_21)
FN:242,(anonymous_22)
FN:275,(anonymous_23)
FN:287,(anonymous_24)
FN:299,(anonymous_25)
FN:318,(anonymous_26)
FN:353,(anonymous_27)
FN:377,(anonymous_28)
FN:380,(anonymous_29)
FN:383,(anonymous_30)
FN:386,(anonymous_31)
FN:403,(anonymous_32)
FN:435,(anonymous_33)
FN:445,(anonymous_34)
FN:447,(anonymous_35)
FN:448,(anonymous_36)
FN:450,(anonymous_37)
FN:451,(anonymous_38)
FN:463,(anonymous_39)
FN:465,(anonymous_40)
FN:469,(anonymous_41)
FN:473,(anonymous_42)
FN:477,(anonymous_43)
FN:485,(anonymous_44)
FN:487,(anonymous_45)
FNF:46
FNH:0
FNDA:0,(anonymous_0)
FNDA:0,(anonymous_1)
FNDA:0,(anonymous_2)
FNDA:0,(anonymous_3)
FNDA:0,(anonymous_4)
FNDA:0,(anonymous_5)
FNDA:0,(anonymous_6)
FNDA:0,(anonymous_7)
FNDA:0,(anonymous_8)
FNDA:0,(anonymous_9)
FNDA:0,(anonymous_10)
FNDA:0,(anonymous_11)
FNDA:0,(anonymous_12)
FNDA:0,(anonymous_13)
FNDA:0,(anonymous_14)
FNDA:0,(anonymous_15)
FNDA:0,(anonymous_16)
FNDA:0,(anonymous_17)
FNDA:0,(anonymous_18)
FNDA:0,(anonymous_19)
FNDA:0,(anonymous_20)
FNDA:0,(anonymous_21)
FNDA:0,(anonymous_22)
FNDA:0,(anonymous_23)
FNDA:0,(anonymous_24)
FNDA:0,(anonymous_25)
FNDA:0,(anonymous_26)
FNDA:0,(anonymous_27)
FNDA:0,(anonymous_28)
FNDA:0,(anonymous_29)
FNDA:0,(anonymous_30)
FNDA:0,(anonymous_31)
FNDA:0,(anonymous_32)
FNDA:0,(anonymous_33)
FNDA:0,(anonymous_34)
FNDA:0,(anonymous_35)
FNDA:0,(anonymous_36)
FNDA:0,(anonymous_37)
FNDA:0,(anonymous_38)
FNDA:0,(anonymous_39)
FNDA:0,(anonymous_40)
FNDA:0,(anonymous_41)
FNDA:0,(anonymous_42)
FNDA:0,(anonymous_43)
FNDA:0,(anonymous_44)
FNDA:0,(anonymous_45)
DA:24,0
DA:25,0
DA:28,0
DA:29,0
DA:32,0
DA:33,0
DA:39,0
DA:42,0
DA:45,0
DA:46,0
DA:48,0
DA:49,0
DA:50,0
DA:53,0
DA:54,0
DA:59,0
DA:60,0
DA:61,0
DA:62,0
DA:63,0
DA:64,0
DA:65,0
DA:67,0
DA:68,0
DA:69,0
DA:71,0
DA:73,0
DA:74,0
DA:75,0
DA:77,0
DA:79,0
DA:80,0
DA:81,0
DA:83,0
DA:85,0
DA:86,0
DA:87,0
DA:89,0
DA:91,0
DA:92,0
DA:93,0
DA:95,0
DA:97,0
DA:98,0
DA:99,0
DA:101,0
DA:103,0
DA:104,0
DA:105,0
DA:107,0
DA:109,0
DA:110,0
DA:111,0
DA:112,0
DA:115,0
DA:117,0
DA:118,0
DA:119,0
DA:122,0
DA:123,0
DA:124,0
DA:127,0
DA:128,0
DA:129,0
DA:132,0
DA:133,0
DA:134,0
DA:137,0
DA:138,0
DA:139,0
DA:142,0
DA:143,0
DA:144,0
DA:148,0
DA:152,0
DA:158,0
DA:165,0
DA:169,0
DA:170,0
DA:174,0
DA:179,0
DA:180,0
DA:181,0
DA:182,0
DA:183,0
DA:186,0
DA:192,0
DA:193,0
DA:200,0
DA:201,0
DA:202,0
DA:204,0
DA:209,0
DA:214,0
DA:215,0
DA:216,0
DA:217,0
DA:219,0
DA:220,0
DA:222,0
DA:223,0
DA:225,0
DA:226,0
DA:228,0
DA:234,0
DA:235,0
DA:243,0
DA:244,0
DA:247,0
DA:252,0
DA:253,0
DA:254,0
DA:256,0
DA:257,0
DA:258,0
DA:261,0
DA:262,0
DA:263,0
DA:264,0
DA:268,0
DA:272,0
DA:276,0
DA:277,0
DA:280,0
DA:288,0
DA:289,0
DA:292,0
DA:307,0
DA:315,0
DA:331,0
DA:350,0
DA:355,0
DA:356,0
DA:357,0
DA:360,0
DA:378,0
DA:381,0
DA:384,0
DA:394,0
DA:416,0
DA:435,1
DA:436,0
DA:445,1
DA:446,0
DA:447,0
DA:449,0
DA:450,0
DA:456,0
DA:464,0
DA:466,0
DA:470,0
DA:474,0
DA:478,0
DA:486,0
DA:488,0
LF:155
LH:2
BRDA:32,0,0,0
BRDA:32,0,1,0
BRDA:32,1,0,0
BRDA:32,1,1,0
BRDA:33,2,0,0
BRDA:33,2,1,0
BRDA:34,3,0,0
BRDA:34,3,1,0
BRDA:48,4,0,0
BRDA:48,4,1,0
BRDA:67,5,0,0
BRDA:67,5,1,0
BRDA:73,6,0,0
BRDA:73,6,1,0
BRDA:79,7,0,0
BRDA:79,7,1,0
BRDA:85,8,0,0
BRDA:85,8,1,0
BRDA:91,9,0,0
BRDA:91,9,1,0
BRDA:97,10,0,0
BRDA:97,10,1,0
BRDA:103,11,0,0
BRDA:103,11,1,0
BRDA:110,12,0,0
BRDA:110,12,1,0
BRDA:117,13,0,0
BRDA:117,13,1,0
BRDA:122,14,0,0
BRDA:122,14,1,0
BRDA:127,15,0,0
BRDA:127,15,1,0
BRDA:132,16,0,0
BRDA:132,16,1,0
BRDA:137,17,0,0
BRDA:137,17,1,0
BRDA:142,18,0,0
BRDA:142,18,1,0
BRDA:182,19,0,0
BRDA:182,19,1,0
BRDA:201,20,0,0
BRDA:201,20,1,0
BRDA:219,21,0,0
BRDA:219,21,1,0
BRDA:222,22,0,0
BRDA:222,22,1,0
BRDA:225,23,0,0
BRDA:225,23,1,0
BRDA:257,24,0,0
BRDA:257,24,1,0
BRDA:263,25,0,0
BRDA:263,25,1,0
BRDA:356,26,0,0
BRDA:356,26,1,0
BRF:54
BRH:0
end_of_record
TN:
SF:C:\React\react-redux-application\src\containers\flightlists\FlightListsCointainer.js
FN:8,(anonymous_0)
FN:12,(anonymous_1)
FN:19,(anonymous_2)
FN:30,(anonymous_3)
FN:37,(anonymous_4)
FN:47,(anonymous_5)
FN:50,(anonymous_6)
FN:53,(anonymous_7)
FN:61,(anonymous_8)
FN:69,(anonymous_9)
FN:71,(anonymous_10)
FN:72,(anonymous_11)
FN:74,(anonymous_12)
FN:76,(anonymous_13)
FNF:14
FNH:0
FNDA:0,(anonymous_0)
FNDA:0,(anonymous_1)
FNDA:0,(anonymous_2)
FNDA:0,(anonymous_3)
FNDA:0,(anonymous_4)
FNDA:0,(anonymous_5)
FNDA:0,(anonymous_6)
FNDA:0,(anonymous_7)
FNDA:0,(anonymous_8)
FNDA:0,(anonymous_9)
FNDA:0,(anonymous_10)
FNDA:0,(anonymous_11)
FNDA:0,(anonymous_12)
FNDA:0,(anonymous_13)
DA:9,0
DA:13,0
DA:16,0
DA:20,0
DA:23,0
DA:31,0
DA:34,0
DA:38,0
DA:39,0
DA:40,0
DA:42,0
DA:48,0
DA:51,0
DA:54,0
DA:61,2
DA:62,0
DA:69,2
DA:70,0
DA:71,0
DA:73,0
DA:75,0
DA:77,0
LF:22
LH:2
BRDA:39,0,0,0
BRDA:39,0,1,0
BRF:2
BRH:0
end_of_record
TN:
SF:C:\React\react-redux-application\src\hoc\AuxHoc\Auxs.js
FN:1,(anonymous_0)
FNF:1
FNH:1
FNDA:1,(anonymous_0)
DA:1,6
LF:1
LH:1
BRF:0
BRH:0
end_of_record
TN:
SF:C:\React\react-redux-application\src\hoc\Layout\Layout.js
FN:7,(anonymous_0)
FN:20,(anonymous_1)
FNF:2
FNH:0
FNDA:0,(anonymous_0)
FNDA:0,(anonymous_1)
DA:8,0
DA:20,2
DA:21,0
LF:3
LH:1
BRF:0
BRH:0
end_of_record
TN:
SF:C:\React\react-redux-application\src\hoc\asyncComponent\LazyLoading.js
FN:3,(anonymous_0)
FN:8,(anonymous_1)
FN:9,(anonymous_2)
FN:14,(anonymous_3)
FNF:4
FNH:1
FNDA:4,(anonymous_0)
FNDA:0,(anonymous_1)
FNDA:0,(anonymous_2)
FNDA:0,(anonymous_3)
DA:3,2
DA:4,4
DA:9,0
DA:10,0
DA:15,0
DA:16,0
LF:6
LH:2
BRDA:16,0,0,0
BRDA:16,0,1,0
BRF:2
BRH:0
end_of_record
TN:
SF:C:\React\react-redux-application\src\localStroge\LocalStroge.js
FN:1,(anonymous_0)
FN:13,(anonymous_1)
FNF:2
FNH:0
FNDA:0,(anonymous_0)
FNDA:0,(anonymous_1)
DA:1,0
DA:2,0
DA:3,0
DA:4,0
DA:5,0
DA:7,0
DA:9,0
DA:13,0
DA:14,0
DA:15,0
DA:16,0
DA:18,0
LF:12
LH:0
BRDA:4,0,0,0
BRDA:4,0,1,0
BRF:2
BRH:0
end_of_record
TN:
SF:C:\React\react-redux-application\src\store\action\FlightDetails.js
FN:4,(anonymous_0)
FN:10,(anonymous_1)
FN:17,(anonymous_2)
FN:24,(anonymous_3)
FN:31,(anonymous_4)
FN:32,(anonymous_5)
FN:40,(anonymous_6)
FN:43,(anonymous_7)
FN:53,(anonymous_8)
FN:59,(anonymous_9)
FN:66,(anonymous_10)
FN:73,(anonymous_11)
FN:74,(anonymous_12)
FN:78,(anonymous_13)
FN:81,(anonymous_14)
FN:91,(anonymous_15)
FN:97,(anonymous_16)
FN:104,(anonymous_17)
FN:111,(anonymous_18)
FN:116,(anonymous_19)
FN:120,(anonymous_20)
FN:134,(anonymous_21)
FN:144,(anonymous_22)
FN:150,(anonymous_23)
FN:157,(anonymous_24)
FN:164,(anonymous_25)
FN:165,(anonymous_26)
FN:169,(anonymous_27)
FN:183,(anonymous_28)
FN:192,(anonymous_29)
FN:198,(anonymous_30)
FN:205,(anonymous_31)
FN:212,(anonymous_32)
FN:213,(anonymous_33)
FN:221,(anonymous_34)
FN:224,(anonymous_35)
FN:234,(anonymous_36)
FN:240,(anonymous_37)
FN:247,(anonymous_38)
FN:254,(anonymous_39)
FN:255,(anonymous_40)
FN:262,(anonymous_41)
FN:275,(anonymous_42)
FN:285,(anonymous_43)
FN:291,(anonymous_44)
FN:298,(anonymous_45)
FN:305,(anonymous_46)
FN:310,(anonymous_47)
FN:317,(anonymous_48)
FN:330,(anonymous_49)
FN:340,(anonymous_50)
FN:346,(anonymous_51)
FN:353,(anonymous_52)
FN:360,(anonymous_53)
FN:361,(anonymous_54)
FN:368,(anonymous_55)
FN:379,(anonymous_56)
FN:389,(anonymous_57)
FN:395,(anonymous_58)
FN:402,(anonymous_59)
FN:409,(anonymous_60)
FN:414,(anonymous_61)
FN:421,(anonymous_62)
FN:439,(anonymous_63)
FN:449,(anonymous_64)
FN:455,(anonymous_65)
FN:463,(anonymous_66)
FN:470,(anonymous_67)
FN:471,(anonymous_68)
FN:475,(anonymous_69)
FN:482,(anonymous_70)
FNF:71
FNH:0
FNDA:0,(anonymous_0)
FNDA:0,(anonymous_1)
FNDA:0,(anonymous_2)
FNDA:0,(anonymous_3)
FNDA:0,(anonymous_4)
FNDA:0,(anonymous_5)
FNDA:0,(anonymous_6)
FNDA:0,(anonymous_7)
FNDA:0,(anonymous_8)
FNDA:0,(anonymous_9)
FNDA:0,(anonymous_10)
FNDA:0,(anonymous_11)
FNDA:0,(anonymous_12)
FNDA:0,(anonymous_13)
FNDA:0,(anonymous_14)
FNDA:0,(anonymous_15)
FNDA:0,(anonymous_16)
FNDA:0,(anonymous_17)
FNDA:0,(anonymous_18)
FNDA:0,(anonymous_19)
FNDA:0,(anonymous_20)
FNDA:0,(anonymous_21)
FNDA:0,(anonymous_22)
FNDA:0,(anonymous_23)
FNDA:0,(anonymous_24)
FNDA:0,(anonymous_25)
FNDA:0,(anonymous_26)
FNDA:0,(anonymous_27)
FNDA:0,(anonymous_28)
FNDA:0,(anonymous_29)
FNDA:0,(anonymous_30)
FNDA:0,(anonymous_31)
FNDA:0,(anonymous_32)
FNDA:0,(anonymous_33)
FNDA:0,(anonymous_34)
FNDA:0,(anonymous_35)
FNDA:0,(anonymous_36)
FNDA:0,(anonymous_37)
FNDA:0,(anonymous_38)
FNDA:0,(anonymous_39)
FNDA:0,(anonymous_40)
FNDA:0,(anonymous_41)
FNDA:0,(anonymous_42)
FNDA:0,(anonymous_43)
FNDA:0,(anonymous_44)
FNDA:0,(anonymous_45)
FNDA:0,(anonymous_46)
FNDA:0,(anonymous_47)
FNDA:0,(anonymous_48)
FNDA:0,(anonymous_49)
FNDA:0,(anonymous_50)
FNDA:0,(anonymous_51)
FNDA:0,(anonymous_52)
FNDA:0,(anonymous_53)
FNDA:0,(anonymous_54)
FNDA:0,(anonymous_55)
FNDA:0,(anonymous_56)
FNDA:0,(anonymous_57)
FNDA:0,(anonymous_58)
FNDA:0,(anonymous_59)
FNDA:0,(anonymous_60)
FNDA:0,(anonymous_61)
FNDA:0,(anonymous_62)
FNDA:0,(anonymous_63)
FNDA:0,(anonymous_64)
FNDA:0,(anonymous_65)
FNDA:0,(anonymous_66)
FNDA:0,(anonymous_67)
FNDA:0,(anonymous_68)
FNDA:0,(anonymous_69)
FNDA:0,(anonymous_70)
DA:4,5
DA:5,0
DA:10,5
DA:11,0
DA:17,5
DA:18,0
DA:24,5
DA:25,0
DA:31,5
DA:32,0
DA:33,0
DA:34,0
DA:41,0
DA:44,0
DA:53,5
DA:54,0
DA:59,5
DA:60,0
DA:66,5
DA:67,0
DA:73,5
DA:74,0
DA:75,0
DA:76,0
DA:79,0
DA:82,0
DA:91,5
DA:92,0
DA:97,5
DA:98,0
DA:104,5
DA:105,0
DA:111,5
DA:116,0
DA:117,0
DA:118,0
DA:121,0
DA:122,0
DA:123,0
DA:124,0
DA:125,0
DA:126,0
DA:127,0
DA:135,0
DA:144,5
DA:145,0
DA:150,5
DA:151,0
DA:157,5
DA:158,0
DA:164,5
DA:165,0
DA:166,0
DA:167,0
DA:170,0
DA:171,0
DA:172,0
DA:173,0
DA:174,0
DA:175,0
DA:176,0
DA:177,0
DA:178,0
DA:184,0
DA:192,5
DA:193,0
DA:198,5
DA:199,0
DA:205,5
DA:206,0
DA:212,5
DA:213,0
DA:214,0
DA:215,0
DA:222,0
DA:225,0
DA:234,5
DA:235,0
DA:240,5
DA:241,0
DA:247,5
DA:248,0
DA:254,5
DA:255,0
DA:256,0
DA:257,0
DA:263,0
DA:264,0
DA:265,0
DA:266,0
DA:267,0
DA:268,0
DA:276,0
DA:285,5
DA:286,0
DA:291,5
DA:292,0
DA:298,5
DA:299,0
DA:305,5
DA:310,0
DA:311,0
DA:312,0
DA:318,0
DA:319,0
DA:320,0
DA:321,0
DA:322,0
DA:323,0
DA:331,0
DA:340,5
DA:341,0
DA:346,5
DA:347,0
DA:353,5
DA:354,0
DA:360,5
DA:361,0
DA:362,0
DA:363,0
DA:369,0
DA:370,0
DA:371,0
DA:372,0
DA:373,0
DA:374,0
DA:380,0
DA:389,5
DA:390,0
DA:395,5
DA:396,0
DA:402,5
DA:403,0
DA:409,5
DA:414,0
DA:415,0
DA:416,0
DA:422,0
DA:423,0
DA:424,0
DA:425,0
DA:426,0
DA:427,0
DA:428,0
DA:430,0
DA:431,0
DA:432,0
DA:440,0
DA:449,5
DA:450,0
DA:455,5
DA:456,0
DA:457,0
DA:463,5
DA:464,0
DA:470,5
DA:471,0
DA:472,0
DA:473,0
DA:476,0
DA:477,0
DA:478,0
DA:479,0
DA:483,0
DA:484,0
LF:165
LH:41
BRDA:122,0,0,0
BRDA:122,0,1,0
BRDA:124,1,0,0
BRDA:124,1,1,0
BRDA:170,2,0,0
BRDA:170,2,1,0
BRDA:173,3,0,0
BRDA:173,3,1,0
BRDA:264,4,0,0
BRDA:264,4,1,0
BRDA:266,5,0,0
BRDA:266,5,1,0
BRDA:319,6,0,0
BRDA:319,6,1,0
BRDA:321,7,0,0
BRDA:321,7,1,0
BRDA:370,8,0,0
BRDA:370,8,1,0
BRDA:372,9,0,0
BRDA:372,9,1,0
BRDA:423,10,0,0
BRDA:423,10,1,0
BRDA:425,11,0,0
BRDA:425,11,1,0
BRDA:476,12,0,0
BRDA:476,12,1,0
BRF:26
BRH:0
end_of_record
TN:
SF:C:\React\react-redux-application\src\store\action\FlightLists.js
FN:4,(anonymous_0)
FN:10,(anonymous_1)
FN:17,(anonymous_2)
FN:24,(anonymous_3)
FN:25,(anonymous_4)
FN:29,(anonymous_5)
FN:32,(anonymous_6)
FN:38,(anonymous_7)
FN:44,(anonymous_8)
FN:51,(anonymous_9)
FN:58,(anonymous_10)
FN:59,(anonymous_11)
FN:65,(anonymous_12)
FN:77,(anonymous_13)
FN:88,(anonymous_14)
FN:94,(anonymous_15)
FN:101,(anonymous_16)
FN:108,(anonymous_17)
FN:113,(anonymous_18)
FN:118,(anonymous_19)
FN:129,(anonymous_20)
FN:139,(anonymous_21)
FN:145,(anonymous_22)
FN:152,(anonymous_23)
FN:159,(anonymous_24)
FN:160,(anonymous_25)
FN:165,(anonymous_26)
FN:177,(anonymous_27)
FNF:28
FNH:0
FNDA:0,(anonymous_0)
FNDA:0,(anonymous_1)
FNDA:0,(anonymous_2)
FNDA:0,(anonymous_3)
FNDA:0,(anonymous_4)
FNDA:0,(anonymous_5)
FNDA:0,(anonymous_6)
FNDA:0,(anonymous_7)
FNDA:0,(anonymous_8)
FNDA:0,(anonymous_9)
FNDA:0,(anonymous_10)
FNDA:0,(anonymous_11)
FNDA:0,(anonymous_12)
FNDA:0,(anonymous_13)
FNDA:0,(anonymous_14)
FNDA:0,(anonymous_15)
FNDA:0,(anonymous_16)
FNDA:0,(anonymous_17)
FNDA:0,(anonymous_18)
FNDA:0,(anonymous_19)
FNDA:0,(anonymous_20)
FNDA:0,(anonymous_21)
FNDA:0,(anonymous_22)
FNDA:0,(anonymous_23)
FNDA:0,(anonymous_24)
FNDA:0,(anonymous_25)
FNDA:0,(anonymous_26)
FNDA:0,(anonymous_27)
DA:4,5
DA:5,0
DA:10,5
DA:11,0
DA:17,5
DA:18,0
DA:24,5
DA:25,0
DA:26,0
DA:27,0
DA:30,0
DA:33,0
DA:38,5
DA:39,0
DA:44,5
DA:45,0
DA:51,5
DA:52,0
DA:58,5
DA:59,0
DA:60,0
DA:61,0
DA:63,0
DA:66,0
DA:67,0
DA:68,0
DA:69,0
DA:70,0
DA:71,0
DA:72,0
DA:78,0
DA:79,0
DA:88,5
DA:89,0
DA:94,5
DA:95,0
DA:101,5
DA:102,0
DA:108,5
DA:113,0
DA:114,0
DA:116,0
DA:119,0
DA:120,0
DA:121,0
DA:122,0
DA:123,0
DA:124,0
DA:130,0
DA:139,5
DA:140,0
DA:145,5
DA:146,0
DA:152,5
DA:153,0
DA:159,5
DA:160,0
DA:161,0
DA:163,0
DA:166,0
DA:167,0
DA:168,0
DA:169,0
DA:170,0
DA:172,0
DA:178,0
LF:66
LH:16
BRDA:68,0,0,0
BRDA:68,0,1,0
BRDA:70,1,0,0
BRDA:70,1,1,0
BRDA:120,2,0,0
BRDA:120,2,1,0
BRDA:122,3,0,0
BRDA:122,3,1,0
BRDA:167,4,0,0
BRDA:167,4,1,0
BRDA:169,5,0,0
BRDA:169,5,1,0
BRF:12
BRH:0
end_of_record
TN:
SF:C:\React\react-redux-application\src\store\action\actionType.js
FNF:0
FNH:0
DA:1,8
DA:2,8
DA:3,8
DA:4,8
DA:5,8
DA:7,8
DA:8,8
DA:9,8
DA:11,8
DA:13,8
DA:14,8
DA:16,8
DA:18,8
DA:19,8
DA:20,8
DA:23,8
DA:25,8
DA:27,8
DA:29,8
DA:30,8
DA:31,8
DA:33,8
DA:34,8
DA:35,8
DA:38,8
DA:40,8
DA:42,8
DA:45,8
DA:47,8
DA:49,8
DA:52,8
DA:54,8
DA:56,8
DA:58,8
DA:60,8
DA:61,8
DA:64,8
DA:66,8
DA:68,8
DA:71,8
DA:73,8
DA:75,8
DA:78,8
DA:80,8
DA:82,8
DA:84,8
DA:85,8
DA:86,8
LF:48
LH:48
BRF:0
BRH:0
end_of_record
TN:
SF:C:\React\react-redux-application\src\store\action\auth.js
FN:3,(anonymous_0)
FN:9,(anonymous_1)
FN:20,(anonymous_2)
FN:27,(anonymous_3)
FN:39,(anonymous_4)
FN:40,(anonymous_5)
FN:49,(anonymous_6)
FN:60,(anonymous_7)
FN:66,(anonymous_8)
FNF:9
FNH:0
FNDA:0,(anonymous_0)
FNDA:0,(anonymous_1)
FNDA:0,(anonymous_2)
FNDA:0,(anonymous_3)
FNDA:0,(anonymous_4)
FNDA:0,(anonymous_5)
FNDA:0,(anonymous_6)
FNDA:0,(anonymous_7)
FNDA:0,(anonymous_8)
DA:3,5
DA:4,0
DA:9,5
DA:10,0
DA:20,5
DA:21,0
DA:27,5
DA:28,0
DA:29,0
DA:30,0
DA:31,0
DA:32,0
DA:33,0
DA:34,0
DA:39,5
DA:40,0
DA:41,0
DA:42,0
DA:50,0
DA:61,0
DA:66,5
DA:67,0
LF:22
LH:6
BRF:0
BRH:0
end_of_record
TN:
SF:C:\React\react-redux-application\src\store\action\index.js
FNF:0
FNH:0
LF:0
LH:0
BRF:0
BRH:0
end_of_record
TN:
SF:C:\React\react-redux-application\src\store\reducer\Auth.js
FN:13,(anonymous_0)
FNF:1
FNH:1
FNDA:6,(anonymous_0)
DA:3,1
DA:13,1
DA:14,6
DA:16,1
DA:22,1
DA:33,1
DA:39,1
DA:45,1
DA:52,1
LF:9
LH:9
BRDA:13,0,0,1
BRDA:14,1,0,1
BRDA:14,1,1,1
BRDA:14,1,2,1
BRDA:14,1,3,1
BRDA:14,1,4,1
BRDA:14,1,5,1
BRF:7
BRH:7
end_of_record
TN:
SF:C:\React\react-redux-application\src\store\reducer\FlightDetails.js
FN:11,(anonymous_0)
FN:58,(anonymous_1)
FN:65,(anonymous_2)
FN:82,(anonymous_3)
FN:89,(anonymous_4)
FN:125,(anonymous_5)
FN:132,(anonymous_6)
FN:149,(anonymous_7)
FN:156,(anonymous_8)
FN:173,(anonymous_9)
FN:180,(anonymous_10)
FN:197,(anonymous_11)
FN:204,(anonymous_12)
FNF:13
FNH:13
FNDA:32,(anonymous_0)
FNDA:1,(anonymous_1)
FNDA:1,(anonymous_2)
FNDA:1,(anonymous_3)
FNDA:1,(anonymous_4)
FNDA:1,(anonymous_5)
FNDA:1,(anonymous_6)
FNDA:1,(anonymous_7)
FNDA:1,(anonymous_8)
FNDA:1,(anonymous_9)
FNDA:1,(anonymous_10)
FNDA:1,(anonymous_11)
FNDA:1,(anonymous_12)
DA:3,1
DA:11,1
DA:12,32
DA:14,1
DA:20,1
DA:27,1
DA:33,1
DA:39,1
DA:46,1
DA:52,1
DA:58,1
DA:59,1
DA:61,1
DA:66,1
DA:70,1
DA:76,1
DA:82,1
DA:83,1
DA:85,1
DA:90,1
DA:94,1
DA:100,1
DA:106,1
DA:113,1
DA:119,1
DA:125,1
DA:126,1
DA:128,1
DA:133,1
DA:137,1
DA:143,1
DA:149,1
DA:150,1
DA:152,1
DA:157,1
DA:161,1
DA:167,1
DA:173,1
DA:174,1
DA:176,1
DA:181,1
DA:185,1
DA:191,1
DA:197,1
DA:198,1
DA:200,1
DA:205,1
DA:209,1
DA:216,1
DA:224,1
DA:230,1
DA:237,1
DA:243,1
LF:53
LH:53
BRDA:11,0,0,1
BRDA:12,1,0,1
BRDA:12,1,1,1
BRDA:12,1,2,1
BRDA:12,1,3,1
BRDA:12,1,4,1
BRDA:12,1,5,1
BRDA:12,1,6,1
BRDA:12,1,7,1
BRDA:12,1,8,1
BRDA:12,1,9,1
BRDA:12,1,10,1
BRDA:12,1,11,1
BRDA:12,1,12,1
BRDA:12,1,13,1
BRDA:12,1,14,1
BRDA:12,1,15,1
BRDA:12,1,16,1
BRDA:12,1,17,1
BRDA:12,1,18,1
BRDA:12,1,19,1
BRDA:12,1,20,1
BRDA:12,1,21,1
BRDA:12,1,22,1
BRDA:12,1,23,1
BRDA:12,1,24,1
BRDA:12,1,25,1
BRDA:12,1,26,1
BRDA:12,1,27,1
BRDA:12,1,28,1
BRDA:12,1,29,1
BRDA:12,1,30,1
BRDA:12,1,31,1
BRDA:66,2,0,0
BRDA:66,2,1,1
BRDA:90,3,0,0
BRDA:90,3,1,1
BRDA:133,4,0,0
BRDA:133,4,1,1
BRDA:157,5,0,0
BRDA:157,5,1,1
BRDA:181,6,0,0
BRDA:181,6,1,1
BRDA:205,7,0,0
BRDA:205,7,1,1
BRDA:219,8,0,0
BRDA:219,8,1,1
BRF:47
BRH:40
end_of_record
TN:
SF:C:\React\react-redux-application\src\store\reducer\FlightLists.js
FN:9,(anonymous_0)
FN:37,(anonymous_1)
FN:44,(anonymous_2)
FN:61,(anonymous_3)
FN:68,(anonymous_4)
FN:85,(anonymous_5)
FN:92,(anonymous_6)
FNF:7
FNH:7
FNDA:13,(anonymous_0)
FNDA:1,(anonymous_1)
FNDA:1,(anonymous_2)
FNDA:1,(anonymous_3)
FNDA:1,(anonymous_4)
FNDA:1,(anonymous_5)
FNDA:1,(anonymous_6)
DA:3,1
DA:9,1
DA:10,13
DA:12,1
DA:18,1
DA:25,1
DA:31,1
DA:37,1
DA:38,1
DA:40,1
DA:45,1
DA:49,1
DA:55,1
DA:61,1
DA:62,1
DA:64,1
DA:69,1
DA:73,1
DA:79,1
DA:85,1
DA:86,1
DA:88,1
DA:93,1
DA:97,1
DA:103,1
LF:25
LH:25
BRDA:9,0,0,1
BRDA:10,1,0,1
BRDA:10,1,1,1
BRDA:10,1,2,1
BRDA:10,1,3,1
BRDA:10,1,4,1
BRDA:10,1,5,1
BRDA:10,1,6,1
BRDA:10,1,7,1
BRDA:10,1,8,1
BRDA:10,1,9,1
BRDA:10,1,10,1
BRDA:10,1,11,1
BRDA:10,1,12,1
BRDA:45,2,0,0
BRDA:45,2,1,1
BRDA:69,3,0,0
BRDA:69,3,1,1
BRDA:93,4,0,0
BRDA:93,4,1,1
BRF:20
BRH:17
end_of_record
